{"meta": {"format": 3, "version": "7.10.3", "timestamp": "2025-09-08T15:19:47.815057", "branch_coverage": true, "show_contexts": false}, "files": {"src/forklift/__init__.py": {"executed_lines": [1, 8, 9, 10, 12, 13, 15], "summary": {"covered_lines": 6, "num_statements": 6, "percent_covered": 100.0, "percent_covered_display": "100.00", "missing_lines": 0, "excluded_lines": 0, "num_branches": 0, "num_partial_branches": 0, "covered_branches": 0, "missing_branches": 0}, "missing_lines": [], "excluded_lines": [], "executed_branches": [], "missing_branches": [], "functions": {"": {"executed_lines": [1, 8, 9, 10, 12, 13, 15], "summary": {"covered_lines": 6, "num_statements": 6, "percent_covered": 100.0, "percent_covered_display": "100.00", "missing_lines": 0, "excluded_lines": 0, "num_branches": 0, "num_partial_branches": 0, "covered_branches": 0, "missing_branches": 0}, "missing_lines": [], "excluded_lines": [], "executed_branches": [], "missing_branches": []}}, "classes": {"": {"executed_lines": [1, 8, 9, 10, 12, 13, 15], "summary": {"covered_lines": 6, "num_statements": 6, "percent_covered": 100.0, "percent_covered_display": "100.00", "missing_lines": 0, "excluded_lines": 0, "num_branches": 0, "num_partial_branches": 0, "covered_branches": 0, "missing_branches": 0}, "missing_lines": [], "excluded_lines": [], "executed_branches": [], "missing_branches": []}}}, "src/forklift/ai/__init__.py": {"executed_lines": [1, 3, 4, 5, 7], "summary": {"covered_lines": 4, "num_statements": 4, "percent_covered": 100.0, "percent_covered_display": "100.00", "missing_lines": 0, "excluded_lines": 0, "num_branches": 0, "num_partial_branches": 0, "covered_branches": 0, "missing_branches": 0}, "missing_lines": [], "excluded_lines": [], "executed_branches": [], "missing_branches": [], "functions": {"": {"executed_lines": [1, 3, 4, 5, 7], "summary": {"covered_lines": 4, "num_statements": 4, "percent_covered": 100.0, "percent_covered_display": "100.00", "missing_lines": 0, "excluded_lines": 0, "num_branches": 0, "num_partial_branches": 0, "covered_branches": 0, "missing_branches": 0}, "missing_lines": [], "excluded_lines": [], "executed_branches": [], "missing_branches": []}}, "classes": {"": {"executed_lines": [1, 3, 4, 5, 7], "summary": {"covered_lines": 4, "num_statements": 4, "percent_covered": 100.0, "percent_covered_display": "100.00", "missing_lines": 0, "excluded_lines": 0, "num_branches": 0, "num_partial_branches": 0, "covered_branches": 0, "missing_branches": 0}, "missing_lines": [], "excluded_lines": [], "executed_branches": [], "missing_branches": []}}}, "src/forklift/ai/client.py": {"executed_lines": [1, 3, 4, 5, 6, 8, 9, 11, 13, 16, 17, 19, 20, 21, 22, 25, 26, 28, 41, 42, 43, 44, 45, 47, 49, 50, 52, 53, 55, 56, 58, 60, 67, 69, 71, 72, 73, 75, 97, 98, 101, 102, 103, 106, 107, 109, 110, 112, 113, 116, 123, 124, 126, 127, 132, 133, 136, 137, 142, 143, 144, 149, 157, 160, 162, 163, 165, 167, 174, 175, 176, 177, 178, 179, 180, 183, 184, 185, 187, 210, 211, 213, 214, 215, 221, 222, 225, 226, 227, 230, 231, 232, 233, 234, 237, 238, 244, 245, 246, 247, 251, 252, 254, 255, 287, 299, 301, 311, 312, 314, 316, 317, 320, 322, 326, 327, 329, 335, 337, 341, 347, 348, 350, 351, 352], "summary": {"covered_lines": 122, "num_statements": 146, "percent_covered": 82.29166666666667, "percent_covered_display": "82.29", "missing_lines": 24, "excluded_lines": 0, "num_branches": 46, "num_partial_branches": 6, "covered_branches": 36, "missing_branches": 10}, "missing_lines": [150, 151, 181, 182, 240, 241, 258, 259, 261, 262, 264, 265, 266, 270, 271, 273, 274, 276, 278, 279, 282, 283, 285, 323], "excluded_lines": [], "executed_branches": [[49, 50], [49, 52], [52, 53], [52, 55], [55, -47], [55, 56], [71, 72], [97, 98], [97, 101], [106, 107], [106, 109], [109, 110], [109, 112], [112, 113], [112, 116], [136, 137], [136, 142], [142, 143], [142, 149], [149, 157], [162, 163], [162, 165], [213, 214], [225, 226], [225, 230], [230, 231], [230, 244], [231, 232], [244, 245], [245, 246], [245, 254], [311, 312], [311, 314], [316, 317], [316, 320], [322, 326]], "missing_branches": [[71, -69], [149, 150], [213, 282], [231, 240], [244, 258], [264, 265], [264, 273], [282, 283], [282, 285], [322, 323]], "functions": {"OpenAIClient.__init__": {"executed_lines": [41, 42, 43, 44, 45], "summary": {"covered_lines": 5, "num_statements": 5, "percent_covered": 100.0, "percent_covered_display": "100.00", "missing_lines": 0, "excluded_lines": 0, "num_branches": 0, "num_partial_branches": 0, "covered_branches": 0, "missing_branches": 0}, "missing_lines": [], "excluded_lines": [], "executed_branches": [], "missing_branches": []}, "OpenAIClient._validate_api_key": {"executed_lines": [49, 50, 52, 53, 55, 56], "summary": {"covered_lines": 6, "num_statements": 6, "percent_covered": 100.0, "percent_covered_display": "100.00", "missing_lines": 0, "excluded_lines": 0, "num_branches": 6, "num_partial_branches": 0, "covered_branches": 6, "missing_branches": 0}, "missing_lines": [], "excluded_lines": [], "executed_branches": [[49, 50], [49, 52], [52, 53], [52, 55], [55, -47], [55, 56]], "missing_branches": []}, "OpenAIClient.__aenter__": {"executed_lines": [60, 67], "summary": {"covered_lines": 2, "num_statements": 2, "percent_covered": 100.0, "percent_covered_display": "100.00", "missing_lines": 0, "excluded_lines": 0, "num_branches": 0, "num_partial_branches": 0, "covered_branches": 0, "missing_branches": 0}, "missing_lines": [], "excluded_lines": [], "executed_branches": [], "missing_branches": []}, "OpenAIClient.__aexit__": {"executed_lines": [71, 72, 73], "summary": {"covered_lines": 3, "num_statements": 3, "percent_covered": 80.0, "percent_covered_display": "80.00", "missing_lines": 0, "excluded_lines": 0, "num_branches": 2, "num_partial_branches": 1, "covered_branches": 1, "missing_branches": 1}, "missing_lines": [], "excluded_lines": [], "executed_branches": [[71, 72]], "missing_branches": [[71, -69]]}, "OpenAIClient.create_chat_completion": {"executed_lines": [97, 98, 101, 102, 103, 106, 107, 109, 110, 112, 113, 116, 123, 124, 126, 127, 132, 133, 136, 137, 142, 143, 144, 149, 157, 160, 162, 163, 165, 167, 174, 175, 176, 177, 178, 179, 180, 183, 184, 185], "summary": {"covered_lines": 40, "num_statements": 44, "percent_covered": 91.66666666666667, "percent_covered_display": "91.67", "missing_lines": 4, "excluded_lines": 0, "num_branches": 16, "num_partial_branches": 1, "covered_branches": 15, "missing_branches": 1}, "missing_lines": [150, 151, 181, 182], "excluded_lines": [], "executed_branches": [[97, 98], [97, 101], [106, 107], [106, 109], [109, 110], [109, 112], [112, 113], [112, 116], [136, 137], [136, 142], [142, 143], [142, 149], [149, 157], [162, 163], [162, 165]], "missing_branches": [[149, 150]]}, "OpenAIClient.create_completion_with_retry": {"executed_lines": [210, 211, 213, 214, 215, 221, 222, 225, 226, 227, 230, 231, 232, 233, 234, 237, 238, 244, 245, 246, 247, 251, 252, 254, 255], "summary": {"covered_lines": 25, "num_statements": 44, "percent_covered": 56.666666666666664, "percent_covered_display": "56.67", "missing_lines": 19, "excluded_lines": 0, "num_branches": 16, "num_partial_branches": 3, "covered_branches": 9, "missing_branches": 7}, "missing_lines": [240, 241, 258, 259, 261, 262, 264, 265, 266, 270, 271, 273, 274, 276, 278, 279, 282, 283, 285], "excluded_lines": [], "executed_branches": [[213, 214], [225, 226], [225, 230], [230, 231], [230, 244], [231, 232], [244, 245], [245, 246], [245, 254]], "missing_branches": [[213, 282], [231, 240], [244, 258], [264, 265], [264, 273], [282, 283], [282, 285]]}, "OpenAIClient.get_token_estimate": {"executed_lines": [299], "summary": {"covered_lines": 1, "num_statements": 1, "percent_covered": 100.0, "percent_covered_display": "100.00", "missing_lines": 0, "excluded_lines": 0, "num_branches": 0, "num_partial_branches": 0, "covered_branches": 0, "missing_branches": 0}, "missing_lines": [], "excluded_lines": [], "executed_branches": [], "missing_branches": []}, "OpenAIClient.truncate_to_token_limit": {"executed_lines": [311, 312, 314, 316, 317, 320, 322, 326, 327], "summary": {"covered_lines": 9, "num_statements": 10, "percent_covered": 87.5, "percent_covered_display": "87.50", "missing_lines": 1, "excluded_lines": 0, "num_branches": 6, "num_partial_branches": 1, "covered_branches": 5, "missing_branches": 1}, "missing_lines": [323], "excluded_lines": [], "executed_branches": [[311, 312], [311, 314], [316, 317], [316, 320], [322, 326]], "missing_branches": [[322, 323]]}, "OpenAIClient.validate_connection": {"executed_lines": [335, 337, 341, 347, 348, 350, 351, 352], "summary": {"covered_lines": 8, "num_statements": 8, "percent_covered": 100.0, "percent_covered_display": "100.00", "missing_lines": 0, "excluded_lines": 0, "num_branches": 0, "num_partial_branches": 0, "covered_branches": 0, "missing_branches": 0}, "missing_lines": [], "excluded_lines": [], "executed_branches": [], "missing_branches": []}, "": {"executed_lines": [1, 3, 4, 5, 6, 8, 9, 11, 13, 16, 17, 19, 20, 21, 22, 25, 26, 28, 47, 58, 69, 75, 187, 287, 301, 329], "summary": {"covered_lines": 23, "num_statements": 23, "percent_covered": 100.0, "percent_covered_display": "100.00", "missing_lines": 0, "excluded_lines": 0, "num_branches": 0, "num_partial_branches": 0, "covered_branches": 0, "missing_branches": 0}, "missing_lines": [], "excluded_lines": [], "executed_branches": [], "missing_branches": []}}, "classes": {"OpenAIResponse": {"executed_lines": [], "summary": {"covered_lines": 0, "num_statements": 0, "percent_covered": 100.0, "percent_covered_display": "100.00", "missing_lines": 0, "excluded_lines": 0, "num_branches": 0, "num_partial_branches": 0, "covered_branches": 0, "missing_branches": 0}, "missing_lines": [], "excluded_lines": [], "executed_branches": [], "missing_branches": []}, "OpenAIClient": {"executed_lines": [41, 42, 43, 44, 45, 49, 50, 52, 53, 55, 56, 60, 67, 71, 72, 73, 97, 98, 101, 102, 103, 106, 107, 109, 110, 112, 113, 116, 123, 124, 126, 127, 132, 133, 136, 137, 142, 143, 144, 149, 157, 160, 162, 163, 165, 167, 174, 175, 176, 177, 178, 179, 180, 183, 184, 185, 210, 211, 213, 214, 215, 221, 222, 225, 226, 227, 230, 231, 232, 233, 234, 237, 238, 244, 245, 246, 247, 251, 252, 254, 255, 299, 311, 312, 314, 316, 317, 320, 322, 326, 327, 335, 337, 341, 347, 348, 350, 351, 352], "summary": {"covered_lines": 99, "num_statements": 123, "percent_covered": 79.88165680473372, "percent_covered_display": "79.88", "missing_lines": 24, "excluded_lines": 0, "num_branches": 46, "num_partial_branches": 6, "covered_branches": 36, "missing_branches": 10}, "missing_lines": [150, 151, 181, 182, 240, 241, 258, 259, 261, 262, 264, 265, 266, 270, 271, 273, 274, 276, 278, 279, 282, 283, 285, 323], "excluded_lines": [], "executed_branches": [[49, 50], [49, 52], [52, 53], [52, 55], [55, -47], [55, 56], [71, 72], [97, 98], [97, 101], [106, 107], [106, 109], [109, 110], [109, 112], [112, 113], [112, 116], [136, 137], [136, 142], [142, 143], [142, 149], [149, 157], [162, 163], [162, 165], [213, 214], [225, 226], [225, 230], [230, 231], [230, 244], [231, 232], [244, 245], [245, 246], [245, 254], [311, 312], [311, 314], [316, 317], [316, 320], [322, 326]], "missing_branches": [[71, -69], [149, 150], [213, 282], [231, 240], [244, 258], [264, 265], [264, 273], [282, 283], [282, 285], [322, 323]]}, "": {"executed_lines": [1, 3, 4, 5, 6, 8, 9, 11, 13, 16, 17, 19, 20, 21, 22, 25, 26, 28, 47, 58, 69, 75, 187, 287, 301, 329], "summary": {"covered_lines": 23, "num_statements": 23, "percent_covered": 100.0, "percent_covered_display": "100.00", "missing_lines": 0, "excluded_lines": 0, "num_branches": 0, "num_partial_branches": 0, "covered_branches": 0, "missing_branches": 0}, "missing_lines": [], "excluded_lines": [], "executed_branches": [], "missing_branches": []}}}, "src/forklift/ai/display_formatter.py": {"executed_lines": [1, 3, 4, 6, 7, 8, 9, 10, 12, 13, 15, 18, 19, 21, 27, 29, 42, 43, 44, 46, 47, 50, 52, 53, 54, 58, 71, 72, 75, 76, 78, 79, 81, 84, 86, 87, 88, 89, 91, 93, 104, 108, 109, 111, 118, 119, 120, 121, 122, 125, 127, 128, 129, 131, 133, 146, 147, 148, 150, 151, 154, 156, 157, 158, 162, 180, 183, 186, 189, 196, 199, 200, 202, 220, 223, 224, 225, 227, 228, 229, 231, 232, 233, 235, 238, 239, 240, 241, 243, 244, 248, 249, 256, 257, 259, 266, 267, 268, 271, 272, 277, 279, 289, 290, 291, 292, 293, 294, 296, 306, 307, 311, 312, 313, 315, 320, 334, 335, 337, 338, 347, 350, 351, 357, 360, 361, 365, 367, 369, 385, 392, 393, 395, 398, 400, 401, 408, 409, 411, 427, 434, 437, 440, 442, 443, 444, 445, 450, 451, 453, 467, 468, 469, 470, 471, 474, 475, 476, 477, 478, 479, 481, 482, 484, 492, 502, 503, 504, 505, 506, 508, 517, 518, 519, 521, 533, 539, 545, 546, 547, 548, 550, 554, 555, 556, 558], "summary": {"covered_lines": 184, "num_statements": 197, "percent_covered": 88.72727272727273, "percent_covered_display": "88.73", "missing_lines": 13, "excluded_lines": 0, "num_branches": 78, "num_partial_branches": 14, "covered_branches": 60, "missing_branches": 18}, "missing_lines": [73, 105, 106, 245, 250, 251, 253, 308, 402, 403, 405, 435, 447], "excluded_lines": [], "executed_branches": [[42, 43], [42, 46], [52, -29], [52, 53], [71, 72], [71, 78], [72, 75], [78, 79], [78, 81], [86, -58], [86, 87], [88, 89], [88, 91], [104, 108], [127, 128], [127, 131], [146, 147], [146, 150], [156, -133], [156, 157], [199, -162], [199, 200], [231, 232], [231, 235], [244, 248], [248, 249], [256, -202], [256, 257], [266, 267], [271, 272], [307, 311], [312, 313], [334, 335], [334, 337], [337, 338], [337, 347], [350, 351], [360, 361], [392, 393], [392, 395], [398, 400], [408, -369], [408, 409], [434, 437], [440, 442], [440, 444], [444, 445], [450, -411], [450, 451], [470, 471], [474, 475], [474, 477], [477, 478], [477, 481], [502, 503], [502, 504], [504, 505], [504, 506], [517, 518], [517, 519]], "missing_branches": [[72, 73], [104, 105], [244, 245], [248, 250], [250, 251], [250, 253], [266, 271], [271, -259], [307, 308], [312, 315], [350, 360], [360, 367], [398, 402], [402, 403], [402, 405], [434, 435], [444, 447], [470, 474]], "functions": {"AISummaryDisplayFormatter.__init__": {"executed_lines": [27], "summary": {"covered_lines": 1, "num_statements": 1, "percent_covered": 100.0, "percent_covered_display": "100.00", "missing_lines": 0, "excluded_lines": 0, "num_branches": 0, "num_partial_branches": 0, "covered_branches": 0, "missing_branches": 0}, "missing_lines": [], "excluded_lines": [], "executed_branches": [], "missing_branches": []}, "AISummaryDisplayFormatter.format_ai_summaries_detailed": {"executed_lines": [42, 43, 44, 46, 47, 50, 52, 53, 54], "summary": {"covered_lines": 9, "num_statements": 9, "percent_covered": 100.0, "percent_covered_display": "100.00", "missing_lines": 0, "excluded_lines": 0, "num_branches": 4, "num_partial_branches": 0, "covered_branches": 4, "missing_branches": 0}, "missing_lines": [], "excluded_lines": [], "executed_branches": [[42, 43], [42, 46], [52, -29], [52, 53]], "missing_branches": []}, "AISummaryDisplayFormatter.format_ai_summaries_compact": {"executed_lines": [71, 72, 75, 76, 78, 79, 81, 84, 86, 87, 88, 89, 91], "summary": {"covered_lines": 13, "num_statements": 14, "percent_covered": 91.66666666666667, "percent_covered_display": "91.67", "missing_lines": 1, "excluded_lines": 0, "num_branches": 10, "num_partial_branches": 1, "covered_branches": 9, "missing_branches": 1}, "missing_lines": [73], "excluded_lines": [], "executed_branches": [[71, 72], [71, 78], [72, 75], [78, 79], [78, 81], [86, -58], [86, 87], [88, 89], [88, 91]], "missing_branches": [[72, 73]]}, "AISummaryDisplayFormatter.format_ai_summaries_compact_table": {"executed_lines": [104, 108, 109, 111, 118, 119, 120, 121, 122, 125, 127, 128, 129, 131], "summary": {"covered_lines": 14, "num_statements": 16, "percent_covered": 85.0, "percent_covered_display": "85.00", "missing_lines": 2, "excluded_lines": 0, "num_branches": 4, "num_partial_branches": 1, "covered_branches": 3, "missing_branches": 1}, "missing_lines": [105, 106], "excluded_lines": [], "executed_branches": [[104, 108], [127, 128], [127, 131]], "missing_branches": [[104, 105]]}, "AISummaryDisplayFormatter.format_ai_summaries_structured": {"executed_lines": [146, 147, 148, 150, 151, 154, 156, 157, 158], "summary": {"covered_lines": 9, "num_statements": 9, "percent_covered": 100.0, "percent_covered_display": "100.00", "missing_lines": 0, "excluded_lines": 0, "num_branches": 4, "num_partial_branches": 0, "covered_branches": 4, "missing_branches": 0}, "missing_lines": [], "excluded_lines": [], "executed_branches": [[146, 147], [146, 150], [156, -133], [156, 157]], "missing_branches": []}, "AISummaryDisplayFormatter._display_single_commit_with_ai_summary": {"executed_lines": [180, 183, 186, 189, 196, 199, 200], "summary": {"covered_lines": 7, "num_statements": 7, "percent_covered": 100.0, "percent_covered_display": "100.00", "missing_lines": 0, "excluded_lines": 0, "num_branches": 2, "num_partial_branches": 0, "covered_branches": 2, "missing_branches": 0}, "missing_lines": [], "excluded_lines": [], "executed_branches": [[199, -162], [199, 200]], "missing_branches": []}, "AISummaryDisplayFormatter._display_structured_commit_analysis": {"executed_lines": [220, 223, 224, 225, 227, 228, 229, 231, 232, 233, 235, 238, 239, 240, 241, 243, 244, 248, 249, 256, 257], "summary": {"covered_lines": 21, "num_statements": 25, "percent_covered": 77.14285714285714, "percent_covered_display": "77.14", "missing_lines": 4, "excluded_lines": 0, "num_branches": 10, "num_partial_branches": 2, "covered_branches": 6, "missing_branches": 4}, "missing_lines": [245, 250, 251, 253], "excluded_lines": [], "executed_branches": [[231, 232], [231, 235], [244, 248], [248, 249], [256, -202], [256, 257]], "missing_branches": [[244, 245], [248, 250], [250, 251], [250, 253]]}, "AISummaryDisplayFormatter._display_ai_analysis_sections": {"executed_lines": [266, 267, 268, 271, 272, 277], "summary": {"covered_lines": 6, "num_statements": 6, "percent_covered": 80.0, "percent_covered_display": "80.00", "missing_lines": 0, "excluded_lines": 0, "num_branches": 4, "num_partial_branches": 2, "covered_branches": 2, "missing_branches": 2}, "missing_lines": [], "excluded_lines": [], "executed_branches": [[266, 267], [271, 272]], "missing_branches": [[266, 271], [271, -259]]}, "AISummaryDisplayFormatter._create_commit_header": {"executed_lines": [289, 290, 291, 292, 293, 294], "summary": {"covered_lines": 6, "num_statements": 6, "percent_covered": 100.0, "percent_covered_display": "100.00", "missing_lines": 0, "excluded_lines": 0, "num_branches": 0, "num_partial_branches": 0, "covered_branches": 0, "missing_branches": 0}, "missing_lines": [], "excluded_lines": [], "executed_branches": [], "missing_branches": []}, "AISummaryDisplayFormatter._create_commit_info_section": {"executed_lines": [306, 307, 311, 312, 313, 315], "summary": {"covered_lines": 6, "num_statements": 7, "percent_covered": 72.72727272727273, "percent_covered_display": "72.73", "missing_lines": 1, "excluded_lines": 0, "num_branches": 4, "num_partial_branches": 2, "covered_branches": 2, "missing_branches": 2}, "missing_lines": [308], "excluded_lines": [], "executed_branches": [[307, 311], [312, 313]], "missing_branches": [[307, 308], [312, 315]]}, "AISummaryDisplayFormatter._create_ai_summary_section": {"executed_lines": [334, 335, 337, 338, 347, 350, 351, 357, 360, 361, 365, 367], "summary": {"covered_lines": 12, "num_statements": 12, "percent_covered": 90.0, "percent_covered_display": "90.00", "missing_lines": 0, "excluded_lines": 0, "num_branches": 8, "num_partial_branches": 2, "covered_branches": 6, "missing_branches": 2}, "missing_lines": [], "excluded_lines": [], "executed_branches": [[334, 335], [334, 337], [337, 338], [337, 347], [350, 351], [360, 361]], "missing_branches": [[350, 360], [360, 367]]}, "AISummaryDisplayFormatter._display_compact_commit_summary": {"executed_lines": [385, 392, 393, 395, 398, 400, 401, 408, 409], "summary": {"covered_lines": 9, "num_statements": 12, "percent_covered": 70.0, "percent_covered_display": "70.00", "missing_lines": 3, "excluded_lines": 0, "num_branches": 8, "num_partial_branches": 1, "covered_branches": 5, "missing_branches": 3}, "missing_lines": [402, 403, 405], "excluded_lines": [], "executed_branches": [[392, 393], [392, 395], [398, 400], [408, -369], [408, 409]], "missing_branches": [[398, 402], [402, 403], [402, 405]]}, "AISummaryDisplayFormatter._display_compact_commit_summary_plain": {"executed_lines": [427, 434, 437, 440, 442, 443, 444, 445, 450, 451], "summary": {"covered_lines": 10, "num_statements": 12, "percent_covered": 80.0, "percent_covered_display": "80.00", "missing_lines": 2, "excluded_lines": 0, "num_branches": 8, "num_partial_branches": 2, "covered_branches": 6, "missing_branches": 2}, "missing_lines": [435, 447], "excluded_lines": [], "executed_branches": [[434, 437], [440, 442], [440, 444], [444, 445], [450, -411], [450, 451]], "missing_branches": [[434, 435], [444, 447]]}, "AISummaryDisplayFormatter._add_compact_table_row": {"executed_lines": [467, 468, 469, 470, 471, 474, 475, 476, 477, 478, 479, 481, 482, 484], "summary": {"covered_lines": 14, "num_statements": 14, "percent_covered": 95.0, "percent_covered_display": "95.00", "missing_lines": 0, "excluded_lines": 0, "num_branches": 6, "num_partial_branches": 1, "covered_branches": 5, "missing_branches": 1}, "missing_lines": [], "excluded_lines": [], "executed_branches": [[470, 471], [474, 475], [474, 477], [477, 478], [477, 481]], "missing_branches": [[470, 474]]}, "AISummaryDisplayFormatter._truncate_text": {"executed_lines": [502, 503, 504, 505, 506], "summary": {"covered_lines": 5, "num_statements": 5, "percent_covered": 100.0, "percent_covered_display": "100.00", "missing_lines": 0, "excluded_lines": 0, "num_branches": 4, "num_partial_branches": 0, "covered_branches": 4, "missing_branches": 0}, "missing_lines": [], "excluded_lines": [], "executed_branches": [[502, 503], [502, 504], [504, 505], [504, 506]], "missing_branches": []}, "AISummaryDisplayFormatter._format_datetime_simple": {"executed_lines": [517, 518, 519], "summary": {"covered_lines": 3, "num_statements": 3, "percent_covered": 100.0, "percent_covered_display": "100.00", "missing_lines": 0, "excluded_lines": 0, "num_branches": 2, "num_partial_branches": 0, "covered_branches": 2, "missing_branches": 0}, "missing_lines": [], "excluded_lines": [], "executed_branches": [[517, 518], [517, 519]], "missing_branches": []}, "AISummaryDisplayFormatter.display_usage_statistics": {"executed_lines": [533, 539, 545, 546, 547, 548, 550, 554, 555, 556, 558], "summary": {"covered_lines": 11, "num_statements": 11, "percent_covered": 100.0, "percent_covered_display": "100.00", "missing_lines": 0, "excluded_lines": 0, "num_branches": 0, "num_partial_branches": 0, "covered_branches": 0, "missing_branches": 0}, "missing_lines": [], "excluded_lines": [], "executed_branches": [], "missing_branches": []}, "": {"executed_lines": [1, 3, 4, 6, 7, 8, 9, 10, 12, 13, 15, 18, 19, 21, 29, 58, 93, 133, 162, 202, 259, 279, 296, 320, 369, 411, 453, 492, 508, 521], "summary": {"covered_lines": 28, "num_statements": 28, "percent_covered": 100.0, "percent_covered_display": "100.00", "missing_lines": 0, "excluded_lines": 0, "num_branches": 0, "num_partial_branches": 0, "covered_branches": 0, "missing_branches": 0}, "missing_lines": [], "excluded_lines": [], "executed_branches": [], "missing_branches": []}}, "classes": {"AISummaryDisplayFormatter": {"executed_lines": [27, 42, 43, 44, 46, 47, 50, 52, 53, 54, 71, 72, 75, 76, 78, 79, 81, 84, 86, 87, 88, 89, 91, 104, 108, 109, 111, 118, 119, 120, 121, 122, 125, 127, 128, 129, 131, 146, 147, 148, 150, 151, 154, 156, 157, 158, 180, 183, 186, 189, 196, 199, 200, 220, 223, 224, 225, 227, 228, 229, 231, 232, 233, 235, 238, 239, 240, 241, 243, 244, 248, 249, 256, 257, 266, 267, 268, 271, 272, 277, 289, 290, 291, 292, 293, 294, 306, 307, 311, 312, 313, 315, 334, 335, 337, 338, 347, 350, 351, 357, 360, 361, 365, 367, 385, 392, 393, 395, 398, 400, 401, 408, 409, 427, 434, 437, 440, 442, 443, 444, 445, 450, 451, 467, 468, 469, 470, 471, 474, 475, 476, 477, 478, 479, 481, 482, 484, 502, 503, 504, 505, 506, 517, 518, 519, 533, 539, 545, 546, 547, 548, 550, 554, 555, 556, 558], "summary": {"covered_lines": 156, "num_statements": 169, "percent_covered": 87.4493927125506, "percent_covered_display": "87.45", "missing_lines": 13, "excluded_lines": 0, "num_branches": 78, "num_partial_branches": 14, "covered_branches": 60, "missing_branches": 18}, "missing_lines": [73, 105, 106, 245, 250, 251, 253, 308, 402, 403, 405, 435, 447], "excluded_lines": [], "executed_branches": [[42, 43], [42, 46], [52, -29], [52, 53], [71, 72], [71, 78], [72, 75], [78, 79], [78, 81], [86, -58], [86, 87], [88, 89], [88, 91], [104, 108], [127, 128], [127, 131], [146, 147], [146, 150], [156, -133], [156, 157], [199, -162], [199, 200], [231, 232], [231, 235], [244, 248], [248, 249], [256, -202], [256, 257], [266, 267], [271, 272], [307, 311], [312, 313], [334, 335], [334, 337], [337, 338], [337, 347], [350, 351], [360, 361], [392, 393], [392, 395], [398, 400], [408, -369], [408, 409], [434, 437], [440, 442], [440, 444], [444, 445], [450, -411], [450, 451], [470, 471], [474, 475], [474, 477], [477, 478], [477, 481], [502, 503], [502, 504], [504, 505], [504, 506], [517, 518], [517, 519]], "missing_branches": [[72, 73], [104, 105], [244, 245], [248, 250], [250, 251], [250, 253], [266, 271], [271, -259], [307, 308], [312, 315], [350, 360], [360, 367], [398, 402], [402, 403], [402, 405], [434, 435], [444, 447], [470, 474]]}, "": {"executed_lines": [1, 3, 4, 6, 7, 8, 9, 10, 12, 13, 15, 18, 19, 21, 29, 58, 93, 133, 162, 202, 259, 279, 296, 320, 369, 411, 453, 492, 508, 521], "summary": {"covered_lines": 28, "num_statements": 28, "percent_covered": 100.0, "percent_covered_display": "100.00", "missing_lines": 0, "excluded_lines": 0, "num_branches": 0, "num_partial_branches": 0, "covered_branches": 0, "missing_branches": 0}, "missing_lines": [], "excluded_lines": [], "executed_branches": [], "missing_branches": []}}}, "src/forklift/ai/error_handler.py": {"executed_lines": [1, 3, 5, 7, 9, 12, 13, 15, 21, 23, 32, 33, 35, 36, 37, 38, 39, 40, 41, 42, 46, 47, 48, 49, 50, 51, 53, 55, 64, 67, 74, 76, 86, 88, 90, 91, 92, 93, 94, 99, 101, 103, 109, 125, 128, 129, 131, 133, 141, 156, 159, 160, 161, 162, 163, 165, 166, 167, 169, 171, 172, 174, 177, 178, 179, 180, 181, 186, 187, 189, 191, 201, 204, 205, 208, 209, 212, 213, 215, 217, 226, 228, 229, 230, 231, 232, 233, 234, 235, 236, 237, 238, 239, 241], "summary": {"covered_lines": 92, "num_statements": 99, "percent_covered": 91.92546583850931, "percent_covered_display": "91.93", "missing_lines": 7, "excluded_lines": 0, "num_branches": 62, "num_partial_branches": 4, "covered_branches": 56, "missing_branches": 6}, "missing_lines": [44, 95, 96, 107, 182, 183, 185], "excluded_lines": [], "executed_branches": [[32, 33], [32, 46], [35, 36], [35, 37], [37, 38], [37, 39], [39, 40], [39, 41], [41, 42], [46, 47], [46, 48], [48, 49], [48, 50], [50, 51], [50, 53], [88, 90], [88, 101], [90, 91], [92, 93], [92, 99], [101, 103], [128, 129], [128, 131], [160, 161], [160, 162], [162, 163], [162, 165], [166, 167], [166, 169], [171, 172], [171, 174], [177, 178], [177, 179], [179, 180], [179, 181], [181, 186], [186, 187], [186, 189], [204, 205], [204, 208], [208, 209], [208, 212], [212, 213], [212, 215], [228, 229], [228, 230], [230, 231], [230, 232], [232, 233], [232, 234], [234, 235], [234, 236], [236, 237], [236, 238], [238, 239], [238, 241]], "missing_branches": [[41, 44], [90, 99], [101, 107], [181, 182], [182, 183], [182, 185]], "functions": {"OpenAIErrorHandler.__init__": {"executed_lines": [21], "summary": {"covered_lines": 1, "num_statements": 1, "percent_covered": 100.0, "percent_covered_display": "100.00", "missing_lines": 0, "excluded_lines": 0, "num_branches": 0, "num_partial_branches": 0, "covered_branches": 0, "missing_branches": 0}, "missing_lines": [], "excluded_lines": [], "executed_branches": [], "missing_branches": []}, "OpenAIErrorHandler.classify_error": {"executed_lines": [32, 33, 35, 36, 37, 38, 39, 40, 41, 42, 46, 47, 48, 49, 50, 51, 53], "summary": {"covered_lines": 17, "num_statements": 18, "percent_covered": 94.11764705882354, "percent_covered_display": "94.12", "missing_lines": 1, "excluded_lines": 0, "num_branches": 16, "num_partial_branches": 1, "covered_branches": 15, "missing_branches": 1}, "missing_lines": [44], "excluded_lines": [], "executed_branches": [[32, 33], [32, 46], [35, 36], [35, 37], [37, 38], [37, 39], [39, 40], [39, 41], [41, 42], [46, 47], [46, 48], [48, 49], [48, 50], [50, 51], [50, 53]], "missing_branches": [[41, 44]]}, "OpenAIErrorHandler.is_retryable": {"executed_lines": [64, 67, 74], "summary": {"covered_lines": 3, "num_statements": 3, "percent_covered": 100.0, "percent_covered_display": "100.00", "missing_lines": 0, "excluded_lines": 0, "num_branches": 0, "num_partial_branches": 0, "covered_branches": 0, "missing_branches": 0}, "missing_lines": [], "excluded_lines": [], "executed_branches": [], "missing_branches": []}, "OpenAIErrorHandler.get_retry_delay": {"executed_lines": [86, 88, 90, 91, 92, 93, 94, 99, 101, 103], "summary": {"covered_lines": 10, "num_statements": 13, "percent_covered": 76.19047619047619, "percent_covered_display": "76.19", "missing_lines": 3, "excluded_lines": 0, "num_branches": 8, "num_partial_branches": 2, "covered_branches": 6, "missing_branches": 2}, "missing_lines": [95, 96, 107], "excluded_lines": [], "executed_branches": [[88, 90], [88, 101], [90, 91], [92, 93], [92, 99], [101, 103]], "missing_branches": [[90, 99], [101, 107]]}, "OpenAIErrorHandler.create_ai_error": {"executed_lines": [125, 128, 129, 131, 133], "summary": {"covered_lines": 5, "num_statements": 5, "percent_covered": 100.0, "percent_covered_display": "100.00", "missing_lines": 0, "excluded_lines": 0, "num_branches": 2, "num_partial_branches": 0, "covered_branches": 2, "missing_branches": 0}, "missing_lines": [], "excluded_lines": [], "executed_branches": [[128, 129], [128, 131]], "missing_branches": []}, "OpenAIErrorHandler.log_error": {"executed_lines": [156, 159, 160, 161, 162, 163, 165, 166, 167, 169, 171, 172, 174, 177, 178, 179, 180, 181, 186, 187, 189], "summary": {"covered_lines": 21, "num_statements": 24, "percent_covered": 85.71428571428571, "percent_covered_display": "85.71", "missing_lines": 3, "excluded_lines": 0, "num_branches": 18, "num_partial_branches": 1, "covered_branches": 15, "missing_branches": 3}, "missing_lines": [182, 183, 185], "excluded_lines": [], "executed_branches": [[160, 161], [160, 162], [162, 163], [162, 165], [166, 167], [166, 169], [171, 172], [171, 174], [177, 178], [177, 179], [179, 180], [179, 181], [181, 186], [186, 187], [186, 189]], "missing_branches": [[181, 182], [182, 183], [182, 185]]}, "OpenAIErrorHandler.should_abort": {"executed_lines": [201, 204, 205, 208, 209, 212, 213, 215], "summary": {"covered_lines": 8, "num_statements": 8, "percent_covered": 100.0, "percent_covered_display": "100.00", "missing_lines": 0, "excluded_lines": 0, "num_branches": 6, "num_partial_branches": 0, "covered_branches": 6, "missing_branches": 0}, "missing_lines": [], "excluded_lines": [], "executed_branches": [[204, 205], [204, 208], [208, 209], [208, 212], [212, 213], [212, 215]], "missing_branches": []}, "OpenAIErrorHandler.get_user_friendly_message": {"executed_lines": [226, 228, 229, 230, 231, 232, 233, 234, 235, 236, 237, 238, 239, 241], "summary": {"covered_lines": 14, "num_statements": 14, "percent_covered": 100.0, "percent_covered_display": "100.00", "missing_lines": 0, "excluded_lines": 0, "num_branches": 12, "num_partial_branches": 0, "covered_branches": 12, "missing_branches": 0}, "missing_lines": [], "excluded_lines": [], "executed_branches": [[228, 229], [228, 230], [230, 231], [230, 232], [232, 233], [232, 234], [234, 235], [234, 236], [236, 237], [236, 238], [238, 239], [238, 241]], "missing_branches": []}, "": {"executed_lines": [1, 3, 5, 7, 9, 12, 13, 15, 23, 55, 76, 109, 141, 191, 217], "summary": {"covered_lines": 13, "num_statements": 13, "percent_covered": 100.0, "percent_covered_display": "100.00", "missing_lines": 0, "excluded_lines": 0, "num_branches": 0, "num_partial_branches": 0, "covered_branches": 0, "missing_branches": 0}, "missing_lines": [], "excluded_lines": [], "executed_branches": [], "missing_branches": []}}, "classes": {"OpenAIErrorHandler": {"executed_lines": [21, 32, 33, 35, 36, 37, 38, 39, 40, 41, 42, 46, 47, 48, 49, 50, 51, 53, 64, 67, 74, 86, 88, 90, 91, 92, 93, 94, 99, 101, 103, 125, 128, 129, 131, 133, 156, 159, 160, 161, 162, 163, 165, 166, 167, 169, 171, 172, 174, 177, 178, 179, 180, 181, 186, 187, 189, 201, 204, 205, 208, 209, 212, 213, 215, 226, 228, 229, 230, 231, 232, 233, 234, 235, 236, 237, 238, 239, 241], "summary": {"covered_lines": 79, "num_statements": 86, "percent_covered": 91.21621621621621, "percent_covered_display": "91.22", "missing_lines": 7, "excluded_lines": 0, "num_branches": 62, "num_partial_branches": 4, "covered_branches": 56, "missing_branches": 6}, "missing_lines": [44, 95, 96, 107, 182, 183, 185], "excluded_lines": [], "executed_branches": [[32, 33], [32, 46], [35, 36], [35, 37], [37, 38], [37, 39], [39, 40], [39, 41], [41, 42], [46, 47], [46, 48], [48, 49], [48, 50], [50, 51], [50, 53], [88, 90], [88, 101], [90, 91], [92, 93], [92, 99], [101, 103], [128, 129], [128, 131], [160, 161], [160, 162], [162, 163], [162, 165], [166, 167], [166, 169], [171, 172], [171, 174], [177, 178], [177, 179], [179, 180], [179, 181], [181, 186], [186, 187], [186, 189], [204, 205], [204, 208], [208, 209], [208, 212], [212, 213], [212, 215], [228, 229], [228, 230], [230, 231], [230, 232], [232, 233], [232, 234], [234, 235], [234, 236], [236, 237], [236, 238], [238, 239], [238, 241]], "missing_branches": [[41, 44], [90, 99], [101, 107], [181, 182], [182, 183], [182, 185]]}, "": {"executed_lines": [1, 3, 5, 7, 9, 12, 13, 15, 23, 55, 76, 109, 141, 191, 217], "summary": {"covered_lines": 13, "num_statements": 13, "percent_covered": 100.0, "percent_covered_display": "100.00", "missing_lines": 0, "excluded_lines": 0, "num_branches": 0, "num_partial_branches": 0, "covered_branches": 0, "missing_branches": 0}, "missing_lines": [], "excluded_lines": [], "executed_branches": [], "missing_branches": []}}}, "src/forklift/ai/summary_engine.py": {"executed_lines": [1, 3, 4, 5, 6, 8, 9, 10, 16, 18, 21, 22, 24, 37, 38, 39, 42, 44, 55, 57, 59, 66, 73, 75, 85, 87, 88, 91, 92, 94, 107, 108, 111, 114, 116, 126, 127, 128, 129, 132, 136, 139, 140, 141, 142, 143, 145, 146, 147, 150, 151, 154, 155, 156, 159, 162, 165, 166, 167, 169, 171, 180, 181, 184, 185, 188, 189, 190, 191, 193, 195, 214, 216, 218, 221, 223, 224, 225, 227, 233, 240, 258, 265, 269, 270, 276, 279, 286, 289, 290, 291, 292, 295, 303, 304, 305, 313, 315, 323, 324, 327, 334, 341, 343, 350, 366, 367, 369, 371, 372, 375, 376, 377, 378, 380, 383, 388, 389, 392, 393, 405, 408, 409, 410, 413, 414, 415, 416, 430, 433, 435, 439, 445, 447, 455, 457, 459, 465, 467, 469, 472, 473, 474, 475, 477, 486, 495, 496, 498, 499, 500, 501, 504, 507, 510, 511, 513], "summary": {"covered_lines": 155, "num_statements": 172, "percent_covered": 87.93103448275862, "percent_covered_display": "87.93", "missing_lines": 17, "excluded_lines": 0, "num_branches": 60, "num_partial_branches": 9, "covered_branches": 49, "missing_branches": 11}, "missing_lines": [160, 241, 242, 244, 250, 259, 394, 395, 398, 403, 418, 419, 422, 423, 428, 453, 470], "excluded_lines": [], "executed_branches": [[57, 59], [57, 66], [87, 88], [87, 91], [107, 108], [107, 111], [126, 127], [126, 128], [128, 129], [128, 132], [140, 141], [140, 150], [142, 143], [145, 146], [150, 151], [150, 154], [154, 155], [154, 165], [159, 162], [166, 167], [166, 169], [180, 181], [180, 184], [189, 190], [189, 193], [190, 189], [190, 191], [223, 224], [223, 240], [240, 258], [258, 265], [269, 270], [303, 304], [366, 367], [366, 369], [375, 376], [375, 430], [392, 393], [392, 408], [393, 405], [408, 409], [408, 413], [413, 375], [413, 414], [469, 472], [495, 496], [495, 498], [499, 500], [499, 504]], "missing_branches": [[142, 140], [145, 147], [159, 160], [240, 241], [258, 259], [269, 276], [303, 313], [393, 394], [422, 375], [422, 423], [469, 470]], "functions": {"AICommitSummaryEngine.__init__": {"executed_lines": [37, 38, 39, 42], "summary": {"covered_lines": 4, "num_statements": 4, "percent_covered": 100.0, "percent_covered_display": "100.00", "missing_lines": 0, "excluded_lines": 0, "num_branches": 0, "num_partial_branches": 0, "covered_branches": 0, "missing_branches": 0}, "missing_lines": [], "excluded_lines": [], "executed_branches": [], "missing_branches": []}, "AICommitSummaryEngine.create_summary_prompt": {"executed_lines": [55, 57, 59, 66, 73], "summary": {"covered_lines": 5, "num_statements": 5, "percent_covered": 100.0, "percent_covered_display": "100.00", "missing_lines": 0, "excluded_lines": 0, "num_branches": 2, "num_partial_branches": 0, "covered_branches": 2, "missing_branches": 0}, "missing_lines": [], "excluded_lines": [], "executed_branches": [[57, 59], [57, 66]], "missing_branches": []}, "AICommitSummaryEngine.truncate_diff_for_tokens": {"executed_lines": [85, 87, 88, 91, 92], "summary": {"covered_lines": 5, "num_statements": 5, "percent_covered": 100.0, "percent_covered_display": "100.00", "missing_lines": 0, "excluded_lines": 0, "num_branches": 2, "num_partial_branches": 0, "covered_branches": 2, "missing_branches": 0}, "missing_lines": [], "excluded_lines": [], "executed_branches": [[87, 88], [87, 91]], "missing_branches": []}, "AICommitSummaryEngine._parse_summary_response": {"executed_lines": [107, 108, 111, 114], "summary": {"covered_lines": 4, "num_statements": 4, "percent_covered": 100.0, "percent_covered_display": "100.00", "missing_lines": 0, "excluded_lines": 0, "num_branches": 2, "num_partial_branches": 0, "covered_branches": 2, "missing_branches": 0}, "missing_lines": [], "excluded_lines": [], "executed_branches": [[107, 108], [107, 111]], "missing_branches": []}, "AICommitSummaryEngine._enforce_brevity": {"executed_lines": [126, 127, 128, 129, 132, 136, 139, 140, 141, 142, 143, 145, 146, 147, 150, 151, 154, 155, 156, 159, 162, 165, 166, 167, 169], "summary": {"covered_lines": 25, "num_statements": 26, "percent_covered": 90.9090909090909, "percent_covered_display": "90.91", "missing_lines": 1, "excluded_lines": 0, "num_branches": 18, "num_partial_branches": 3, "covered_branches": 15, "missing_branches": 3}, "missing_lines": [160], "excluded_lines": [], "executed_branches": [[126, 127], [126, 128], [128, 129], [128, 132], [140, 141], [140, 150], [142, 143], [145, 146], [150, 151], [150, 154], [154, 155], [154, 165], [159, 162], [166, 167], [166, 169]], "missing_branches": [[142, 140], [145, 147], [159, 160]]}, "AICommitSummaryEngine._validate_response_length": {"executed_lines": [180, 181, 184, 185, 188, 189, 190, 191, 193], "summary": {"covered_lines": 9, "num_statements": 9, "percent_covered": 100.0, "percent_covered_display": "100.00", "missing_lines": 0, "excluded_lines": 0, "num_branches": 6, "num_partial_branches": 0, "covered_branches": 6, "missing_branches": 0}, "missing_lines": [], "excluded_lines": [], "executed_branches": [[180, 181], [180, 184], [189, 190], [189, 193], [190, 189], [190, 191]], "missing_branches": []}, "AICommitSummaryEngine.generate_commit_summary": {"executed_lines": [214, 216, 218, 221, 223, 224, 225, 227, 233, 240, 258, 265, 269, 270, 276, 279, 286, 289, 290, 291, 292, 295, 303, 304, 305, 313, 315, 323, 324, 327, 334, 341, 343], "summary": {"covered_lines": 33, "num_statements": 38, "percent_covered": 81.25, "percent_covered_display": "81.25", "missing_lines": 5, "excluded_lines": 0, "num_branches": 10, "num_partial_branches": 4, "covered_branches": 6, "missing_branches": 4}, "missing_lines": [241, 242, 244, 250, 259], "excluded_lines": [], "executed_branches": [[223, 224], [223, 240], [240, 258], [258, 265], [269, 270], [303, 304]], "missing_branches": [[240, 241], [258, 259], [269, 276], [303, 313]]}, "AICommitSummaryEngine.generate_batch_summaries": {"executed_lines": [366, 367, 369, 371, 372, 375, 376, 377, 378, 380, 383, 388, 389, 392, 393, 405, 408, 409, 410, 413, 414, 415, 416, 430, 433, 435], "summary": {"covered_lines": 26, "num_statements": 35, "percent_covered": 75.51020408163265, "percent_covered_display": "75.51", "missing_lines": 9, "excluded_lines": 0, "num_branches": 14, "num_partial_branches": 1, "covered_branches": 11, "missing_branches": 3}, "missing_lines": [394, 395, 398, 403, 418, 419, 422, 423, 428], "excluded_lines": [], "executed_branches": [[366, 367], [366, 369], [375, 376], [375, 430], [392, 393], [392, 408], [393, 405], [408, 409], [408, 413], [413, 375], [413, 414]], "missing_branches": [[393, 394], [422, 375], [422, 423]]}, "AICommitSummaryEngine.get_usage_stats": {"executed_lines": [445], "summary": {"covered_lines": 1, "num_statements": 1, "percent_covered": 100.0, "percent_covered_display": "100.00", "missing_lines": 0, "excluded_lines": 0, "num_branches": 0, "num_partial_branches": 0, "covered_branches": 0, "missing_branches": 0}, "missing_lines": [], "excluded_lines": [], "executed_branches": [], "missing_branches": []}, "AICommitSummaryEngine.get_usage_tracker": {"executed_lines": [], "summary": {"covered_lines": 0, "num_statements": 1, "percent_covered": 0.0, "percent_covered_display": "0.00", "missing_lines": 1, "excluded_lines": 0, "num_branches": 0, "num_partial_branches": 0, "covered_branches": 0, "missing_branches": 0}, "missing_lines": [453], "excluded_lines": [], "executed_branches": [], "missing_branches": []}, "AICommitSummaryEngine.reset_usage_stats": {"executed_lines": [457], "summary": {"covered_lines": 1, "num_statements": 1, "percent_covered": 100.0, "percent_covered_display": "100.00", "missing_lines": 0, "excluded_lines": 0, "num_branches": 0, "num_partial_branches": 0, "covered_branches": 0, "missing_branches": 0}, "missing_lines": [], "excluded_lines": [], "executed_branches": [], "missing_branches": []}, "AICommitSummaryEngine.get_usage_report": {"executed_lines": [465], "summary": {"covered_lines": 1, "num_statements": 1, "percent_covered": 100.0, "percent_covered_display": "100.00", "missing_lines": 0, "excluded_lines": 0, "num_branches": 0, "num_partial_branches": 0, "covered_branches": 0, "missing_branches": 0}, "missing_lines": [], "excluded_lines": [], "executed_branches": [], "missing_branches": []}, "AICommitSummaryEngine.log_usage_summary": {"executed_lines": [469, 472, 473, 474, 475, 477], "summary": {"covered_lines": 6, "num_statements": 7, "percent_covered": 77.77777777777777, "percent_covered_display": "77.78", "missing_lines": 1, "excluded_lines": 0, "num_branches": 2, "num_partial_branches": 1, "covered_branches": 1, "missing_branches": 1}, "missing_lines": [470], "excluded_lines": [], "executed_branches": [[469, 472]], "missing_branches": [[469, 470]]}, "AICommitSummaryEngine.estimate_batch_cost": {"executed_lines": [495, 496, 498, 499, 500, 501, 504, 507, 510, 511, 513], "summary": {"covered_lines": 11, "num_statements": 11, "percent_covered": 100.0, "percent_covered_display": "100.00", "missing_lines": 0, "excluded_lines": 0, "num_branches": 4, "num_partial_branches": 0, "covered_branches": 4, "missing_branches": 0}, "missing_lines": [], "excluded_lines": [], "executed_branches": [[495, 496], [495, 498], [499, 500], [499, 504]], "missing_branches": []}, "": {"executed_lines": [1, 3, 4, 5, 6, 8, 9, 10, 16, 18, 21, 22, 24, 44, 75, 94, 116, 171, 195, 350, 439, 447, 455, 459, 467, 486], "summary": {"covered_lines": 24, "num_statements": 24, "percent_covered": 100.0, "percent_covered_display": "100.00", "missing_lines": 0, "excluded_lines": 0, "num_branches": 0, "num_partial_branches": 0, "covered_branches": 0, "missing_branches": 0}, "missing_lines": [], "excluded_lines": [], "executed_branches": [], "missing_branches": []}}, "classes": {"AICommitSummaryEngine": {"executed_lines": [37, 38, 39, 42, 55, 57, 59, 66, 73, 85, 87, 88, 91, 92, 107, 108, 111, 114, 126, 127, 128, 129, 132, 136, 139, 140, 141, 142, 143, 145, 146, 147, 150, 151, 154, 155, 156, 159, 162, 165, 166, 167, 169, 180, 181, 184, 185, 188, 189, 190, 191, 193, 214, 216, 218, 221, 223, 224, 225, 227, 233, 240, 258, 265, 269, 270, 276, 279, 286, 289, 290, 291, 292, 295, 303, 304, 305, 313, 315, 323, 324, 327, 334, 341, 343, 366, 367, 369, 371, 372, 375, 376, 377, 378, 380, 383, 388, 389, 392, 393, 405, 408, 409, 410, 413, 414, 415, 416, 430, 433, 435, 445, 457, 465, 469, 472, 473, 474, 475, 477, 495, 496, 498, 499, 500, 501, 504, 507, 510, 511, 513], "summary": {"covered_lines": 131, "num_statements": 148, "percent_covered": 86.53846153846153, "percent_covered_display": "86.54", "missing_lines": 17, "excluded_lines": 0, "num_branches": 60, "num_partial_branches": 9, "covered_branches": 49, "missing_branches": 11}, "missing_lines": [160, 241, 242, 244, 250, 259, 394, 395, 398, 403, 418, 419, 422, 423, 428, 453, 470], "excluded_lines": [], "executed_branches": [[57, 59], [57, 66], [87, 88], [87, 91], [107, 108], [107, 111], [126, 127], [126, 128], [128, 129], [128, 132], [140, 141], [140, 150], [142, 143], [145, 146], [150, 151], [150, 154], [154, 155], [154, 165], [159, 162], [166, 167], [166, 169], [180, 181], [180, 184], [189, 190], [189, 193], [190, 189], [190, 191], [223, 224], [223, 240], [240, 258], [258, 265], [269, 270], [303, 304], [366, 367], [366, 369], [375, 376], [375, 430], [392, 393], [392, 408], [393, 405], [408, 409], [408, 413], [413, 375], [413, 414], [469, 472], [495, 496], [495, 498], [499, 500], [499, 504]], "missing_branches": [[142, 140], [145, 147], [159, 160], [240, 241], [258, 259], [269, 276], [303, 313], [393, 394], [422, 375], [422, 423], [469, 470]]}, "": {"executed_lines": [1, 3, 4, 5, 6, 8, 9, 10, 16, 18, 21, 22, 24, 44, 75, 94, 116, 171, 195, 350, 439, 447, 455, 459, 467, 486], "summary": {"covered_lines": 24, "num_statements": 24, "percent_covered": 100.0, "percent_covered_display": "100.00", "missing_lines": 0, "excluded_lines": 0, "num_branches": 0, "num_partial_branches": 0, "covered_branches": 0, "missing_branches": 0}, "missing_lines": [], "excluded_lines": [], "executed_branches": [], "missing_branches": []}}}, "src/forklift/analysis/__init__.py": {"executed_lines": [1, 3, 4, 5, 7], "summary": {"covered_lines": 4, "num_statements": 4, "percent_covered": 100.0, "percent_covered_display": "100.00", "missing_lines": 0, "excluded_lines": 0, "num_branches": 0, "num_partial_branches": 0, "covered_branches": 0, "missing_branches": 0}, "missing_lines": [], "excluded_lines": [], "executed_branches": [], "missing_branches": [], "functions": {"": {"executed_lines": [1, 3, 4, 5, 7], "summary": {"covered_lines": 4, "num_statements": 4, "percent_covered": 100.0, "percent_covered_display": "100.00", "missing_lines": 0, "excluded_lines": 0, "num_branches": 0, "num_partial_branches": 0, "covered_branches": 0, "missing_branches": 0}, "missing_lines": [], "excluded_lines": [], "executed_branches": [], "missing_branches": []}}, "classes": {"": {"executed_lines": [1, 3, 4, 5, 7], "summary": {"covered_lines": 4, "num_statements": 4, "percent_covered": 100.0, "percent_covered_display": "100.00", "missing_lines": 0, "excluded_lines": 0, "num_branches": 0, "num_partial_branches": 0, "covered_branches": 0, "missing_branches": 0}, "missing_lines": [], "excluded_lines": [], "executed_branches": [], "missing_branches": []}}}, "src/forklift/analysis/code_quality_analyzer.py": {"executed_lines": [1, 8, 9, 10, 11, 12, 13, 14, 15, 17, 20, 21, 22, 23, 24, 25, 26, 27, 28, 29, 30, 31, 32, 33, 34, 35, 38, 39, 40, 41, 42, 43, 46, 47, 48, 49, 50, 51, 52, 53, 54, 55, 56, 59, 60, 61, 62, 63, 64, 65, 66, 67, 68, 69, 72, 73, 74, 75, 76, 77, 78, 79, 80, 81, 84, 85, 86, 87, 88, 89, 90, 91, 92, 93, 94, 97, 98, 100, 101, 102, 103, 104, 107, 108, 109, 110, 111, 114, 122, 129, 131, 133, 135, 136, 138, 139, 140, 141, 145, 146, 148, 149, 151, 153, 154, 156, 157, 158, 159, 160, 175, 183, 184, 186, 187, 188, 189, 190, 193, 196, 198, 200, 202, 204, 206, 207, 208, 209, 210, 221, 222, 223, 234, 235, 236, 237, 247, 252, 253, 254, 256, 258, 260, 261, 263, 264, 265, 266, 269, 270, 272, 273, 274, 275, 277, 278, 281, 282, 283, 284, 285, 287, 288, 292, 295, 297, 298, 299, 300, 303, 304, 305, 306, 308, 319, 322, 326, 328, 329, 331, 333, 334, 335, 336, 338, 340, 342, 343, 344, 345, 347, 349, 351, 353, 359, 365, 366, 367, 368, 370, 372, 374, 384, 389, 392, 393, 395, 396, 397, 398, 399, 400, 401, 402, 403, 404, 405, 407, 409, 418, 419, 422, 432, 433, 442, 443, 452, 453, 462, 464, 466, 468, 476, 479, 489, 490, 499, 500, 501, 503, 505, 506, 507, 509, 511, 512, 513, 514, 516, 518, 519, 522, 524, 525, 528, 530, 532, 533, 534, 536], "summary": {"covered_lines": 251, "num_statements": 258, "percent_covered": 95.75757575757575, "percent_covered_display": "95.76", "missing_lines": 7, "excluded_lines": 0, "num_branches": 72, "num_partial_branches": 7, "covered_branches": 65, "missing_branches": 7}, "missing_lines": [142, 143, 332, 423, 480, 520, 526], "excluded_lines": [], "executed_branches": [[138, 139], [138, 145], [204, -200], [204, 206], [206, 207], [206, 221], [208, 206], [208, 209], [221, 222], [221, 234], [222, 221], [222, 223], [235, 204], [235, 236], [236, 235], [236, 237], [260, 261], [260, 263], [272, 273], [272, 277], [273, 272], [273, 274], [287, 288], [297, 298], [297, 303], [298, 297], [298, 299], [303, 304], [303, 322], [304, 303], [304, 305], [331, 333], [333, 334], [333, 335], [335, 336], [335, 338], [342, 343], [342, 344], [344, 345], [344, 347], [365, 366], [365, 367], [367, 368], [367, 370], [422, 432], [432, 433], [432, 442], [442, 443], [442, 452], [452, 453], [452, 462], [479, 489], [489, 490], [489, 499], [505, 506], [505, 507], [511, 512], [512, 513], [512, 514], [518, 519], [524, 525], [532, 533], [532, 536], [533, 532], [533, 534]], "missing_branches": [[287, -258], [331, 332], [422, 423], [479, 480], [511, 514], [518, 520], [524, 526]], "functions": {"CodeQualityAnalyzer.__init__": {"executed_lines": [101, 102, 103, 104, 107, 108, 109, 110, 111, 114, 122, 129], "summary": {"covered_lines": 12, "num_statements": 12, "percent_covered": 100.0, "percent_covered_display": "100.00", "missing_lines": 0, "excluded_lines": 0, "num_branches": 0, "num_partial_branches": 0, "covered_branches": 0, "missing_branches": 0}, "missing_lines": [], "excluded_lines": [], "executed_branches": [], "missing_branches": []}, "CodeQualityAnalyzer.analyze_codebase": {"executed_lines": [133, 135, 136, 138, 139, 140, 141, 145, 146, 148, 149], "summary": {"covered_lines": 11, "num_statements": 13, "percent_covered": 86.66666666666667, "percent_covered_display": "86.67", "missing_lines": 2, "excluded_lines": 0, "num_branches": 2, "num_partial_branches": 0, "covered_branches": 2, "missing_branches": 0}, "missing_lines": [142, 143], "excluded_lines": [], "executed_branches": [[138, 139], [138, 145]], "missing_branches": []}, "CodeQualityAnalyzer._analyze_file": {"executed_lines": [153, 154, 156, 157, 158, 159, 160, 175, 183, 184, 186, 187, 188, 189, 190, 193, 196, 198], "summary": {"covered_lines": 18, "num_statements": 18, "percent_covered": 100.0, "percent_covered_display": "100.00", "missing_lines": 0, "excluded_lines": 0, "num_branches": 0, "num_partial_branches": 0, "covered_branches": 0, "missing_branches": 0}, "missing_lines": [], "excluded_lines": [], "executed_branches": [], "missing_branches": []}, "CodeQualityAnalyzer._analyze_text_patterns": {"executed_lines": [202, 204, 206, 207, 208, 209, 210, 221, 222, 223, 234, 235, 236, 237], "summary": {"covered_lines": 14, "num_statements": 14, "percent_covered": 100.0, "percent_covered_display": "100.00", "missing_lines": 0, "excluded_lines": 0, "num_branches": 14, "num_partial_branches": 0, "covered_branches": 14, "missing_branches": 0}, "missing_lines": [], "excluded_lines": [], "executed_branches": [[204, -200], [204, 206], [206, 207], [206, 221], [208, 206], [208, 209], [221, 222], [221, 234], [222, 221], [222, 223], [235, 204], [235, 236], [236, 235], [236, 237]], "missing_branches": []}, "CodeQualityAnalyzer._calculate_maintainability_index": {"executed_lines": [252, 253, 254, 256], "summary": {"covered_lines": 4, "num_statements": 4, "percent_covered": 100.0, "percent_covered_display": "100.00", "missing_lines": 0, "excluded_lines": 0, "num_branches": 0, "num_partial_branches": 0, "covered_branches": 0, "missing_branches": 0}, "missing_lines": [], "excluded_lines": [], "executed_branches": [], "missing_branches": []}, "CodeQualityAnalyzer._calculate_metrics": {"executed_lines": [260, 261, 263, 264, 265, 266, 269, 270, 272, 273, 274, 275, 277, 278, 281, 282, 283, 284, 285, 287, 288], "summary": {"covered_lines": 21, "num_statements": 21, "percent_covered": 96.55172413793103, "percent_covered_display": "96.55", "missing_lines": 0, "excluded_lines": 0, "num_branches": 8, "num_partial_branches": 1, "covered_branches": 7, "missing_branches": 1}, "missing_lines": [], "excluded_lines": [], "executed_branches": [[260, 261], [260, 263], [272, 273], [272, 277], [273, 272], [273, 274], [287, 288]], "missing_branches": [[287, -258]]}, "CodeQualityAnalyzer._identify_technical_debt": {"executed_lines": [295, 297, 298, 299, 300, 303, 304, 305, 306, 308, 319, 322], "summary": {"covered_lines": 12, "num_statements": 12, "percent_covered": 100.0, "percent_covered_display": "100.00", "missing_lines": 0, "excluded_lines": 0, "num_branches": 8, "num_partial_branches": 0, "covered_branches": 8, "missing_branches": 0}, "missing_lines": [], "excluded_lines": [], "executed_branches": [[297, 298], [297, 303], [298, 297], [298, 299], [303, 304], [303, 322], [304, 303], [304, 305]], "missing_branches": []}, "CodeQualityAnalyzer._determine_debt_priority": {"executed_lines": [328, 329, 331, 333, 334, 335, 336, 338], "summary": {"covered_lines": 8, "num_statements": 9, "percent_covered": 86.66666666666667, "percent_covered_display": "86.67", "missing_lines": 1, "excluded_lines": 0, "num_branches": 6, "num_partial_branches": 1, "covered_branches": 5, "missing_branches": 1}, "missing_lines": [332], "excluded_lines": [], "executed_branches": [[331, 333], [333, 334], [333, 335], [335, 336], [335, 338]], "missing_branches": [[331, 332]]}, "CodeQualityAnalyzer._estimate_effort": {"executed_lines": [342, 343, 344, 345, 347], "summary": {"covered_lines": 5, "num_statements": 5, "percent_covered": 100.0, "percent_covered_display": "100.00", "missing_lines": 0, "excluded_lines": 0, "num_branches": 4, "num_partial_branches": 0, "covered_branches": 4, "missing_branches": 0}, "missing_lines": [], "excluded_lines": [], "executed_branches": [[342, 343], [342, 344], [344, 345], [344, 347]], "missing_branches": []}, "CodeQualityAnalyzer._assess_impact": {"executed_lines": [351, 353, 359, 365, 366, 367, 368, 370], "summary": {"covered_lines": 8, "num_statements": 8, "percent_covered": 100.0, "percent_covered_display": "100.00", "missing_lines": 0, "excluded_lines": 0, "num_branches": 4, "num_partial_branches": 0, "covered_branches": 4, "missing_branches": 0}, "missing_lines": [], "excluded_lines": [], "executed_branches": [[365, 366], [365, 367], [367, 368], [367, 370]], "missing_branches": []}, "CodeQualityAnalyzer._generate_recommendation": {"executed_lines": [374, 384, 389], "summary": {"covered_lines": 3, "num_statements": 3, "percent_covered": 100.0, "percent_covered_display": "100.00", "missing_lines": 0, "excluded_lines": 0, "num_branches": 0, "num_partial_branches": 0, "covered_branches": 0, "missing_branches": 0}, "missing_lines": [], "excluded_lines": [], "executed_branches": [], "missing_branches": []}, "CodeAnalysisVisitor.__init__": {"executed_lines": [396, 397, 398, 399, 400, 401, 402, 403, 404, 405], "summary": {"covered_lines": 10, "num_statements": 10, "percent_covered": 100.0, "percent_covered_display": "100.00", "missing_lines": 0, "excluded_lines": 0, "num_branches": 0, "num_partial_branches": 0, "covered_branches": 0, "missing_branches": 0}, "missing_lines": [], "excluded_lines": [], "executed_branches": [], "missing_branches": []}, "CodeAnalysisVisitor.visit_FunctionDef": {"executed_lines": [409, 418, 419, 422, 432, 433, 442, 443, 452, 453, 462], "summary": {"covered_lines": 11, "num_statements": 12, "percent_covered": 90.0, "percent_covered_display": "90.00", "missing_lines": 1, "excluded_lines": 0, "num_branches": 8, "num_partial_branches": 1, "covered_branches": 7, "missing_branches": 1}, "missing_lines": [423], "excluded_lines": [], "executed_branches": [[422, 432], [432, 433], [432, 442], [442, 443], [442, 452], [452, 453], [452, 462]], "missing_branches": [[422, 423]]}, "CodeAnalysisVisitor.visit_ClassDef": {"executed_lines": [466, 468, 476, 479, 489, 490, 499, 500, 501], "summary": {"covered_lines": 9, "num_statements": 10, "percent_covered": 85.71428571428571, "percent_covered_display": "85.71", "missing_lines": 1, "excluded_lines": 0, "num_branches": 4, "num_partial_branches": 1, "covered_branches": 3, "missing_branches": 1}, "missing_lines": [480], "excluded_lines": [], "executed_branches": [[479, 489], [489, 490], [489, 499]], "missing_branches": [[479, 480]]}, "CodeAnalysisVisitor.visit_Import": {"executed_lines": [505, 506, 507], "summary": {"covered_lines": 3, "num_statements": 3, "percent_covered": 100.0, "percent_covered_display": "100.00", "missing_lines": 0, "excluded_lines": 0, "num_branches": 2, "num_partial_branches": 0, "covered_branches": 2, "missing_branches": 0}, "missing_lines": [], "excluded_lines": [], "executed_branches": [[505, 506], [505, 507]], "missing_branches": []}, "CodeAnalysisVisitor.visit_ImportFrom": {"executed_lines": [511, 512, 513, 514], "summary": {"covered_lines": 4, "num_statements": 4, "percent_covered": 87.5, "percent_covered_display": "87.50", "missing_lines": 0, "excluded_lines": 0, "num_branches": 4, "num_partial_branches": 1, "covered_branches": 3, "missing_branches": 1}, "missing_lines": [], "excluded_lines": [], "executed_branches": [[511, 512], [512, 513], [512, 514]], "missing_branches": [[511, 514]]}, "CodeAnalysisVisitor._count_function_lines": {"executed_lines": [518, 519], "summary": {"covered_lines": 2, "num_statements": 3, "percent_covered": 60.0, "percent_covered_display": "60.00", "missing_lines": 1, "excluded_lines": 0, "num_branches": 2, "num_partial_branches": 1, "covered_branches": 1, "missing_branches": 1}, "missing_lines": [520], "excluded_lines": [], "executed_branches": [[518, 519]], "missing_branches": [[518, 520]]}, "CodeAnalysisVisitor._count_class_lines": {"executed_lines": [524, 525], "summary": {"covered_lines": 2, "num_statements": 3, "percent_covered": 60.0, "percent_covered_display": "60.00", "missing_lines": 1, "excluded_lines": 0, "num_branches": 2, "num_partial_branches": 1, "covered_branches": 1, "missing_branches": 1}, "missing_lines": [526], "excluded_lines": [], "executed_branches": [[524, 525]], "missing_branches": [[524, 526]]}, "CodeAnalysisVisitor._calculate_complexity": {"executed_lines": [530, 532, 533, 534, 536], "summary": {"covered_lines": 5, "num_statements": 5, "percent_covered": 100.0, "percent_covered_display": "100.00", "missing_lines": 0, "excluded_lines": 0, "num_branches": 4, "num_partial_branches": 0, "covered_branches": 4, "missing_branches": 0}, "missing_lines": [], "excluded_lines": [], "executed_branches": [[532, 533], [532, 536], [533, 532], [533, 534]], "missing_branches": []}, "": {"executed_lines": [1, 8, 9, 10, 11, 12, 13, 14, 15, 17, 20, 21, 22, 23, 24, 25, 26, 27, 28, 29, 30, 31, 32, 33, 34, 35, 38, 39, 40, 41, 42, 43, 46, 47, 48, 49, 50, 51, 52, 53, 54, 55, 56, 59, 60, 61, 62, 63, 64, 65, 66, 67, 68, 69, 72, 73, 74, 75, 76, 77, 78, 79, 80, 81, 84, 85, 86, 87, 88, 89, 90, 91, 92, 93, 94, 97, 98, 100, 131, 151, 200, 247, 258, 292, 326, 340, 349, 372, 392, 393, 395, 407, 464, 503, 509, 516, 522, 528], "summary": {"covered_lines": 89, "num_statements": 89, "percent_covered": 100.0, "percent_covered_display": "100.00", "missing_lines": 0, "excluded_lines": 0, "num_branches": 0, "num_partial_branches": 0, "covered_branches": 0, "missing_branches": 0}, "missing_lines": [], "excluded_lines": [], "executed_branches": [], "missing_branches": []}}, "classes": {"IssueType": {"executed_lines": [], "summary": {"covered_lines": 0, "num_statements": 0, "percent_covered": 100.0, "percent_covered_display": "100.00", "missing_lines": 0, "excluded_lines": 0, "num_branches": 0, "num_partial_branches": 0, "covered_branches": 0, "missing_branches": 0}, "missing_lines": [], "excluded_lines": [], "executed_branches": [], "missing_branches": []}, "Priority": {"executed_lines": [], "summary": {"covered_lines": 0, "num_statements": 0, "percent_covered": 100.0, "percent_covered_display": "100.00", "missing_lines": 0, "excluded_lines": 0, "num_branches": 0, "num_partial_branches": 0, "covered_branches": 0, "missing_branches": 0}, "missing_lines": [], "excluded_lines": [], "executed_branches": [], "missing_branches": []}, "CodeIssue": {"executed_lines": [], "summary": {"covered_lines": 0, "num_statements": 0, "percent_covered": 100.0, "percent_covered_display": "100.00", "missing_lines": 0, "excluded_lines": 0, "num_branches": 0, "num_partial_branches": 0, "covered_branches": 0, "missing_branches": 0}, "missing_lines": [], "excluded_lines": [], "executed_branches": [], "missing_branches": []}, "FileAnalysis": {"executed_lines": [], "summary": {"covered_lines": 0, "num_statements": 0, "percent_covered": 100.0, "percent_covered_display": "100.00", "missing_lines": 0, "excluded_lines": 0, "num_branches": 0, "num_partial_branches": 0, "covered_branches": 0, "missing_branches": 0}, "missing_lines": [], "excluded_lines": [], "executed_branches": [], "missing_branches": []}, "QualityMetrics": {"executed_lines": [], "summary": {"covered_lines": 0, "num_statements": 0, "percent_covered": 100.0, "percent_covered_display": "100.00", "missing_lines": 0, "excluded_lines": 0, "num_branches": 0, "num_partial_branches": 0, "covered_branches": 0, "missing_branches": 0}, "missing_lines": [], "excluded_lines": [], "executed_branches": [], "missing_branches": []}, "TechnicalDebtItem": {"executed_lines": [], "summary": {"covered_lines": 0, "num_statements": 0, "percent_covered": 100.0, "percent_covered_display": "100.00", "missing_lines": 0, "excluded_lines": 0, "num_branches": 0, "num_partial_branches": 0, "covered_branches": 0, "missing_branches": 0}, "missing_lines": [], "excluded_lines": [], "executed_branches": [], "missing_branches": []}, "CodeQualityAnalyzer": {"executed_lines": [101, 102, 103, 104, 107, 108, 109, 110, 111, 114, 122, 129, 133, 135, 136, 138, 139, 140, 141, 145, 146, 148, 149, 153, 154, 156, 157, 158, 159, 160, 175, 183, 184, 186, 187, 188, 189, 190, 193, 196, 198, 202, 204, 206, 207, 208, 209, 210, 221, 222, 223, 234, 235, 236, 237, 252, 253, 254, 256, 260, 261, 263, 264, 265, 266, 269, 270, 272, 273, 274, 275, 277, 278, 281, 282, 283, 284, 285, 287, 288, 295, 297, 298, 299, 300, 303, 304, 305, 306, 308, 319, 322, 328, 329, 331, 333, 334, 335, 336, 338, 342, 343, 344, 345, 347, 351, 353, 359, 365, 366, 367, 368, 370, 374, 384, 389], "summary": {"covered_lines": 116, "num_statements": 119, "percent_covered": 96.96969696969697, "percent_covered_display": "96.97", "missing_lines": 3, "excluded_lines": 0, "num_branches": 46, "num_partial_branches": 2, "covered_branches": 44, "missing_branches": 2}, "missing_lines": [142, 143, 332], "excluded_lines": [], "executed_branches": [[138, 139], [138, 145], [204, -200], [204, 206], [206, 207], [206, 221], [208, 206], [208, 209], [221, 222], [221, 234], [222, 221], [222, 223], [235, 204], [235, 236], [236, 235], [236, 237], [260, 261], [260, 263], [272, 273], [272, 277], [273, 272], [273, 274], [287, 288], [297, 298], [297, 303], [298, 297], [298, 299], [303, 304], [303, 322], [304, 303], [304, 305], [331, 333], [333, 334], [333, 335], [335, 336], [335, 338], [342, 343], [342, 344], [344, 345], [344, 347], [365, 366], [365, 367], [367, 368], [367, 370]], "missing_branches": [[287, -258], [331, 332]]}, "CodeAnalysisVisitor": {"executed_lines": [396, 397, 398, 399, 400, 401, 402, 403, 404, 405, 409, 418, 419, 422, 432, 433, 442, 443, 452, 453, 462, 466, 468, 476, 479, 489, 490, 499, 500, 501, 505, 506, 507, 511, 512, 513, 514, 518, 519, 524, 525, 530, 532, 533, 534, 536], "summary": {"covered_lines": 46, "num_statements": 50, "percent_covered": 88.15789473684211, "percent_covered_display": "88.16", "missing_lines": 4, "excluded_lines": 0, "num_branches": 26, "num_partial_branches": 5, "covered_branches": 21, "missing_branches": 5}, "missing_lines": [423, 480, 520, 526], "excluded_lines": [], "executed_branches": [[422, 432], [432, 433], [432, 442], [442, 443], [442, 452], [452, 453], [452, 462], [479, 489], [489, 490], [489, 499], [505, 506], [505, 507], [511, 512], [512, 513], [512, 514], [518, 519], [524, 525], [532, 533], [532, 536], [533, 532], [533, 534]], "missing_branches": [[422, 423], [479, 480], [511, 514], [518, 520], [524, 526]]}, "": {"executed_lines": [1, 8, 9, 10, 11, 12, 13, 14, 15, 17, 20, 21, 22, 23, 24, 25, 26, 27, 28, 29, 30, 31, 32, 33, 34, 35, 38, 39, 40, 41, 42, 43, 46, 47, 48, 49, 50, 51, 52, 53, 54, 55, 56, 59, 60, 61, 62, 63, 64, 65, 66, 67, 68, 69, 72, 73, 74, 75, 76, 77, 78, 79, 80, 81, 84, 85, 86, 87, 88, 89, 90, 91, 92, 93, 94, 97, 98, 100, 131, 151, 200, 247, 258, 292, 326, 340, 349, 372, 392, 393, 395, 407, 464, 503, 509, 516, 522, 528], "summary": {"covered_lines": 89, "num_statements": 89, "percent_covered": 100.0, "percent_covered_display": "100.00", "missing_lines": 0, "excluded_lines": 0, "num_branches": 0, "num_partial_branches": 0, "covered_branches": 0, "missing_branches": 0}, "missing_lines": [], "excluded_lines": [], "executed_branches": [], "missing_branches": []}}}, "src/forklift/analysis/commit_categorizer.py": {"executed_lines": [1, 3, 4, 6, 9, 10, 12, 15, 68, 100, 101, 103, 109, 111, 121, 122, 128, 131, 134, 140, 146, 155, 157, 158, 160, 161, 162, 163, 166, 168, 170, 171, 172, 173, 175, 177, 179, 180, 183, 184, 186, 195, 196, 198, 200, 201, 202, 203, 204, 205, 207, 208, 211, 212, 213, 215, 217, 240, 241, 242, 243, 246, 247, 248, 253, 254, 255], "summary": {"covered_lines": 64, "num_statements": 72, "percent_covered": 88.39285714285714, "percent_covered_display": "88.39", "missing_lines": 8, "excluded_lines": 0, "num_branches": 40, "num_partial_branches": 1, "covered_branches": 35, "missing_branches": 5}, "missing_lines": [258, 259, 260, 263, 264, 265, 268, 269], "excluded_lines": [], "executed_branches": [[121, 122], [121, 128], [157, 158], [157, 179], [160, 161], [160, 168], [161, 160], [161, 162], [162, 163], [162, 166], [168, 157], [168, 170], [170, 171], [170, 172], [172, 173], [172, 175], [179, 180], [179, 183], [195, 196], [195, 198], [200, 201], [200, 207], [201, 200], [201, 202], [202, 201], [202, 203], [203, 202], [203, 204], [207, 208], [207, 211], [240, 241], [240, 246], [246, 247], [246, 253], [253, 254]], "missing_branches": [[253, 258], [258, 259], [258, 263], [263, 264], [263, 268]], "functions": {"CategoryPatterns.__init__": {"executed_lines": [15, 68], "summary": {"covered_lines": 2, "num_statements": 2, "percent_covered": 100.0, "percent_covered_display": "100.00", "missing_lines": 0, "excluded_lines": 0, "num_branches": 0, "num_partial_branches": 0, "covered_branches": 0, "missing_branches": 0}, "missing_lines": [], "excluded_lines": [], "executed_branches": [], "missing_branches": []}, "CommitCategorizer.__init__": {"executed_lines": [109], "summary": {"covered_lines": 1, "num_statements": 1, "percent_covered": 100.0, "percent_covered_display": "100.00", "missing_lines": 0, "excluded_lines": 0, "num_branches": 0, "num_partial_branches": 0, "covered_branches": 0, "missing_branches": 0}, "missing_lines": [], "excluded_lines": [], "executed_branches": [], "missing_branches": []}, "CommitCategorizer.categorize_commit": {"executed_lines": [121, 122, 128, 131, 134, 140], "summary": {"covered_lines": 6, "num_statements": 6, "percent_covered": 100.0, "percent_covered_display": "100.00", "missing_lines": 0, "excluded_lines": 0, "num_branches": 2, "num_partial_branches": 0, "covered_branches": 2, "missing_branches": 0}, "missing_lines": [], "excluded_lines": [], "executed_branches": [[121, 122], [121, 128]], "missing_branches": []}, "CommitCategorizer._analyze_commit_message": {"executed_lines": [155, 157, 158, 160, 161, 162, 163, 166, 168, 170, 171, 172, 173, 175, 177, 179, 180, 183, 184], "summary": {"covered_lines": 19, "num_statements": 19, "percent_covered": 100.0, "percent_covered_display": "100.00", "missing_lines": 0, "excluded_lines": 0, "num_branches": 16, "num_partial_branches": 0, "covered_branches": 16, "missing_branches": 0}, "missing_lines": [], "excluded_lines": [], "executed_branches": [[157, 158], [157, 179], [160, 161], [160, 168], [161, 160], [161, 162], [162, 163], [162, 166], [168, 157], [168, 170], [170, 171], [170, 172], [172, 173], [172, 175], [179, 180], [179, 183]], "missing_branches": []}, "CommitCategorizer._analyze_file_changes": {"executed_lines": [195, 196, 198, 200, 201, 202, 203, 204, 205, 207, 208, 211, 212, 213, 215], "summary": {"covered_lines": 15, "num_statements": 15, "percent_covered": 100.0, "percent_covered_display": "100.00", "missing_lines": 0, "excluded_lines": 0, "num_branches": 12, "num_partial_branches": 0, "covered_branches": 12, "missing_branches": 0}, "missing_lines": [], "excluded_lines": [], "executed_branches": [[195, 196], [195, 198], [200, 201], [200, 207], [201, 200], [201, 202], [202, 201], [202, 203], [203, 202], [203, 204], [207, 208], [207, 211]], "missing_branches": []}, "CommitCategorizer._determine_category": {"executed_lines": [240, 241, 242, 243, 246, 247, 248, 253, 254, 255], "summary": {"covered_lines": 10, "num_statements": 18, "percent_covered": 53.57142857142857, "percent_covered_display": "53.57", "missing_lines": 8, "excluded_lines": 0, "num_branches": 10, "num_partial_branches": 1, "covered_branches": 5, "missing_branches": 5}, "missing_lines": [258, 259, 260, 263, 264, 265, 268, 269], "excluded_lines": [], "executed_branches": [[240, 241], [240, 246], [246, 247], [246, 253], [253, 254]], "missing_branches": [[253, 258], [258, 259], [258, 263], [263, 264], [263, 268]]}, "": {"executed_lines": [1, 3, 4, 6, 9, 10, 12, 100, 101, 103, 111, 146, 186, 217], "summary": {"covered_lines": 11, "num_statements": 11, "percent_covered": 100.0, "percent_covered_display": "100.00", "missing_lines": 0, "excluded_lines": 0, "num_branches": 0, "num_partial_branches": 0, "covered_branches": 0, "missing_branches": 0}, "missing_lines": [], "excluded_lines": [], "executed_branches": [], "missing_branches": []}}, "classes": {"CategoryPatterns": {"executed_lines": [15, 68], "summary": {"covered_lines": 2, "num_statements": 2, "percent_covered": 100.0, "percent_covered_display": "100.00", "missing_lines": 0, "excluded_lines": 0, "num_branches": 0, "num_partial_branches": 0, "covered_branches": 0, "missing_branches": 0}, "missing_lines": [], "excluded_lines": [], "executed_branches": [], "missing_branches": []}, "CommitCategorizer": {"executed_lines": [109, 121, 122, 128, 131, 134, 140, 155, 157, 158, 160, 161, 162, 163, 166, 168, 170, 171, 172, 173, 175, 177, 179, 180, 183, 184, 195, 196, 198, 200, 201, 202, 203, 204, 205, 207, 208, 211, 212, 213, 215, 240, 241, 242, 243, 246, 247, 248, 253, 254, 255], "summary": {"covered_lines": 51, "num_statements": 59, "percent_covered": 86.86868686868686, "percent_covered_display": "86.87", "missing_lines": 8, "excluded_lines": 0, "num_branches": 40, "num_partial_branches": 1, "covered_branches": 35, "missing_branches": 5}, "missing_lines": [258, 259, 260, 263, 264, 265, 268, 269], "excluded_lines": [], "executed_branches": [[121, 122], [121, 128], [157, 158], [157, 179], [160, 161], [160, 168], [161, 160], [161, 162], [162, 163], [162, 166], [168, 157], [168, 170], [170, 171], [170, 172], [172, 173], [172, 175], [179, 180], [179, 183], [195, 196], [195, 198], [200, 201], [200, 207], [201, 200], [201, 202], [202, 201], [202, 203], [203, 202], [203, 204], [207, 208], [207, 211], [240, 241], [240, 246], [246, 247], [246, 253], [253, 254]], "missing_branches": [[253, 258], [258, 259], [258, 263], [263, 264], [263, 268]]}, "": {"executed_lines": [1, 3, 4, 6, 9, 10, 12, 100, 101, 103, 111, 146, 186, 217], "summary": {"covered_lines": 11, "num_statements": 11, "percent_covered": 100.0, "percent_covered_display": "100.00", "missing_lines": 0, "excluded_lines": 0, "num_branches": 0, "num_partial_branches": 0, "covered_branches": 0, "missing_branches": 0}, "missing_lines": [], "excluded_lines": [], "executed_branches": [], "missing_branches": []}}}, "src/forklift/analysis/commit_explanation_engine.py": {"executed_lines": [1, 3, 4, 6, 14, 15, 16, 18, 21, 22, 24, 37, 38, 39, 41, 60, 61, 64, 65, 71, 72, 75, 76, 79, 82, 85, 97, 98, 100, 101, 102, 104, 120, 121, 123, 124, 126, 127, 128, 131, 134, 139, 140, 143, 148, 150, 151, 153, 155, 163, 165, 174, 175, 178, 179, 180, 181, 183, 185, 186, 189, 190, 193, 194, 197, 198, 201, 202, 205, 206, 210, 213, 214, 218, 221, 222, 223, 226, 227, 229, 231, 240, 243, 244, 246, 247, 249, 250, 252, 253, 256, 257, 259, 260, 263, 264, 267, 268, 270, 271, 273, 275, 281], "summary": {"covered_lines": 101, "num_statements": 101, "percent_covered": 97.12230215827338, "percent_covered_display": "97.12", "missing_lines": 0, "excluded_lines": 0, "num_branches": 38, "num_partial_branches": 4, "covered_branches": 34, "missing_branches": 4}, "missing_lines": [], "excluded_lines": [], "executed_branches": [[64, 65], [64, 71], [123, 124], [123, 150], [127, 128], [127, 131], [174, 175], [174, 178], [183, 185], [183, 201], [197, 183], [197, 198], [205, 206], [213, 214], [222, 223], [226, 227], [243, 244], [243, 246], [246, 247], [246, 249], [249, 250], [249, 252], [252, 253], [252, 256], [256, 257], [256, 259], [259, 260], [259, 263], [263, 264], [263, 267], [267, 268], [267, 270], [270, 271], [270, 273]], "missing_branches": [[205, 213], [213, 221], [222, 226], [226, 229]], "functions": {"CommitExplanationEngine.__init__": {"executed_lines": [37, 38, 39], "summary": {"covered_lines": 3, "num_statements": 3, "percent_covered": 100.0, "percent_covered_display": "100.00", "missing_lines": 0, "excluded_lines": 0, "num_branches": 0, "num_partial_branches": 0, "covered_branches": 0, "missing_branches": 0}, "missing_lines": [], "excluded_lines": [], "executed_branches": [], "missing_branches": []}, "CommitExplanationEngine.explain_commit": {"executed_lines": [60, 61, 64, 65, 71, 72, 75, 76, 79, 82, 85, 97, 98, 100, 101, 102], "summary": {"covered_lines": 16, "num_statements": 16, "percent_covered": 100.0, "percent_covered_display": "100.00", "missing_lines": 0, "excluded_lines": 0, "num_branches": 2, "num_partial_branches": 0, "covered_branches": 2, "missing_branches": 0}, "missing_lines": [], "excluded_lines": [], "executed_branches": [[64, 65], [64, 71]], "missing_branches": []}, "CommitExplanationEngine.explain_commits_batch": {"executed_lines": [120, 121, 123, 124, 126, 127, 128, 131, 134, 139, 140, 143, 148, 150, 151, 153], "summary": {"covered_lines": 16, "num_statements": 16, "percent_covered": 100.0, "percent_covered_display": "100.00", "missing_lines": 0, "excluded_lines": 0, "num_branches": 4, "num_partial_branches": 0, "covered_branches": 4, "missing_branches": 0}, "missing_lines": [], "excluded_lines": [], "executed_branches": [[123, 124], [123, 150], [127, 128], [127, 131]], "missing_branches": []}, "CommitExplanationEngine.is_explanation_enabled": {"executed_lines": [163], "summary": {"covered_lines": 1, "num_statements": 1, "percent_covered": 100.0, "percent_covered_display": "100.00", "missing_lines": 0, "excluded_lines": 0, "num_branches": 0, "num_partial_branches": 0, "covered_branches": 0, "missing_branches": 0}, "missing_lines": [], "excluded_lines": [], "executed_branches": [], "missing_branches": []}, "CommitExplanationEngine.get_explanation_summary": {"executed_lines": [174, 175, 178, 179, 180, 181, 183, 185, 186, 189, 190, 193, 194, 197, 198, 201, 202, 205, 206, 210, 213, 214, 218, 221, 222, 223, 226, 227, 229], "summary": {"covered_lines": 29, "num_statements": 29, "percent_covered": 90.69767441860465, "percent_covered_display": "90.70", "missing_lines": 0, "excluded_lines": 0, "num_branches": 14, "num_partial_branches": 4, "covered_branches": 10, "missing_branches": 4}, "missing_lines": [], "excluded_lines": [], "executed_branches": [[174, 175], [174, 178], [183, 185], [183, 201], [197, 183], [197, 198], [205, 206], [213, 214], [222, 223], [226, 227]], "missing_branches": [[205, 213], [213, 221], [222, 226], [226, 229]]}, "CommitExplanationEngine.validate_explanation": {"executed_lines": [240, 243, 244, 246, 247, 249, 250, 252, 253, 256, 257, 259, 260, 263, 264, 267, 268, 270, 271, 273], "summary": {"covered_lines": 20, "num_statements": 20, "percent_covered": 100.0, "percent_covered_display": "100.00", "missing_lines": 0, "excluded_lines": 0, "num_branches": 18, "num_partial_branches": 0, "covered_branches": 18, "missing_branches": 0}, "missing_lines": [], "excluded_lines": [], "executed_branches": [[243, 244], [243, 246], [246, 247], [246, 249], [249, 250], [249, 252], [252, 253], [252, 256], [256, 257], [256, 259], [259, 260], [259, 263], [263, 264], [263, 267], [267, 268], [267, 270], [270, 271], [270, 273]], "missing_branches": []}, "CommitExplanationEngine.get_engine_stats": {"executed_lines": [281], "summary": {"covered_lines": 1, "num_statements": 1, "percent_covered": 100.0, "percent_covered_display": "100.00", "missing_lines": 0, "excluded_lines": 0, "num_branches": 0, "num_partial_branches": 0, "covered_branches": 0, "missing_branches": 0}, "missing_lines": [], "excluded_lines": [], "executed_branches": [], "missing_branches": []}, "": {"executed_lines": [1, 3, 4, 6, 14, 15, 16, 18, 21, 22, 24, 41, 104, 155, 165, 231, 275], "summary": {"covered_lines": 15, "num_statements": 15, "percent_covered": 100.0, "percent_covered_display": "100.00", "missing_lines": 0, "excluded_lines": 0, "num_branches": 0, "num_partial_branches": 0, "covered_branches": 0, "missing_branches": 0}, "missing_lines": [], "excluded_lines": [], "executed_branches": [], "missing_branches": []}}, "classes": {"CommitExplanationEngine": {"executed_lines": [37, 38, 39, 60, 61, 64, 65, 71, 72, 75, 76, 79, 82, 85, 97, 98, 100, 101, 102, 120, 121, 123, 124, 126, 127, 128, 131, 134, 139, 140, 143, 148, 150, 151, 153, 163, 174, 175, 178, 179, 180, 181, 183, 185, 186, 189, 190, 193, 194, 197, 198, 201, 202, 205, 206, 210, 213, 214, 218, 221, 222, 223, 226, 227, 229, 240, 243, 244, 246, 247, 249, 250, 252, 253, 256, 257, 259, 260, 263, 264, 267, 268, 270, 271, 273, 281], "summary": {"covered_lines": 86, "num_statements": 86, "percent_covered": 96.7741935483871, "percent_covered_display": "96.77", "missing_lines": 0, "excluded_lines": 0, "num_branches": 38, "num_partial_branches": 4, "covered_branches": 34, "missing_branches": 4}, "missing_lines": [], "excluded_lines": [], "executed_branches": [[64, 65], [64, 71], [123, 124], [123, 150], [127, 128], [127, 131], [174, 175], [174, 178], [183, 185], [183, 201], [197, 183], [197, 198], [205, 206], [213, 214], [222, 223], [226, 227], [243, 244], [243, 246], [246, 247], [246, 249], [249, 250], [249, 252], [252, 253], [252, 256], [256, 257], [256, 259], [259, 260], [259, 263], [263, 264], [263, 267], [267, 268], [267, 270], [270, 271], [270, 273]], "missing_branches": [[205, 213], [213, 221], [222, 226], [226, 229]]}, "": {"executed_lines": [1, 3, 4, 6, 14, 15, 16, 18, 21, 22, 24, 41, 104, 155, 165, 231, 275], "summary": {"covered_lines": 15, "num_statements": 15, "percent_covered": 100.0, "percent_covered_display": "100.00", "missing_lines": 0, "excluded_lines": 0, "num_branches": 0, "num_partial_branches": 0, "covered_branches": 0, "missing
[...]
 405, 406, 407, 408, 409, 417, 418, 426, 427, 428, 467, 534, 538, 539, 570, 571, 617, 618, 619], "excluded_lines": [], "executed_branches": [[114, 115], [114, 116], [116, 117], [116, 119], [132, -130], [132, 133], [164, 165], [164, 171], [178, 179], [178, 192], [213, 214], [250, 251], [250, 255], [258, 259], [258, 274], [259, 263], [263, 264], [263, 271], [265, 266], [267, 268], [267, 269], [269, 270], [269, 271], [304, 305], [304, 308], [311, 312], [315, 317], [324, 325], [324, 336], [327, 329], [336, 337], [336, 347], [383, 384], [392, 393], [392, 401], [404, 412], [412, 413], [412, 421], [531, 532], [531, 533], [533, 536], [609, 610], [609, 614]], "missing_branches": [[213, 217], [259, 260], [265, 267], [311, 324], [315, 324], [327, 336], [383, 392], [404, 405], [533, 534]], "functions": {"CacheWarmingConfig.__init__": {"executed_lines": [37, 38, 39, 40, 41, 42], "summary": {"covered_lines": 6, "num_statements": 6, "percent_covered": 100.0, "percent_covered_display": "100.00", "missing_lines": 0, "excluded_lines": 0, "num_branches": 0, "num_partial_branches": 0, "covered_branches": 0, "missing_branches": 0}, "missing_lines": [], "excluded_lines": [], "executed_branches": [], "missing_branches": []}, "CacheCleanupConfig.__init__": {"executed_lines": [67, 68, 69, 70, 71, 72], "summary": {"covered_lines": 6, "num_statements": 6, "percent_covered": 100.0, "percent_covered_display": "100.00", "missing_lines": 0, "excluded_lines": 0, "num_branches": 0, "num_partial_branches": 0, "covered_branches": 0, "missing_branches": 0}, "missing_lines": [], "excluded_lines": [], "executed_branches": [], "missing_branches": []}, "CacheMonitoringMetrics.__init__": {"executed_lines": [80, 81, 82, 83, 84, 85, 86], "summary": {"covered_lines": 7, "num_statements": 7, "percent_covered": 100.0, "percent_covered_display": "100.00", "missing_lines": 0, "excluded_lines": 0, "num_branches": 0, "num_partial_branches": 0, "covered_branches": 0, "missing_branches": 0}, "missing_lines": [], "excluded_lines": [], "executed_branches": [], "missing_branches": []}, "CacheManager.__init__": {"executed_lines": [105, 106, 107, 108, 109, 110], "summary": {"covered_lines": 6, "num_statements": 6, "percent_covered": 100.0, "percent_covered_display": "100.00", "missing_lines": 0, "excluded_lines": 0, "num_branches": 0, "num_partial_branches": 0, "covered_branches": 0, "missing_branches": 0}, "missing_lines": [], "excluded_lines": [], "executed_branches": [], "missing_branches": []}, "CacheManager.initialize": {"executed_lines": [114, 115, 116, 117, 119, 120, 121], "summary": {"covered_lines": 7, "num_statements": 7, "percent_covered": 100.0, "percent_covered_display": "100.00", "missing_lines": 0, "excluded_lines": 0, "num_branches": 4, "num_partial_branches": 0, "covered_branches": 4, "missing_branches": 0}, "missing_lines": [], "excluded_lines": [], "executed_branches": [[114, 115], [114, 116], [116, 117], [116, 119]], "missing_branches": []}, "CacheManager.close": {"executed_lines": [125, 126, 127, 128], "summary": {"covered_lines": 4, "num_statements": 4, "percent_covered": 100.0, "percent_covered_display": "100.00", "missing_lines": 0, "excluded_lines": 0, "num_branches": 0, "num_partial_branches": 0, "covered_branches": 0, "missing_branches": 0}, "missing_lines": [], "excluded_lines": [], "executed_branches": [], "missing_branches": []}, "CacheManager._ensure_initialized": {"executed_lines": [132, 133], "summary": {"covered_lines": 2, "num_statements": 2, "percent_covered": 100.0, "percent_covered_display": "100.00", "missing_lines": 0, "excluded_lines": 0, "num_branches": 2, "num_partial_branches": 0, "covered_branches": 2, "missing_branches": 0}, "missing_lines": [], "excluded_lines": [], "executed_branches": [[132, -130], [132, 133]], "missing_branches": []}, "CacheManager.warm_cache": {"executed_lines": [149, 151, 152, 154, 164, 165, 166, 167, 168, 171, 173, 175, 178, 179, 180, 185, 186, 187, 188, 189, 190, 192, 198, 199, 201, 202], "summary": {"covered_lines": 26, "num_statements": 29, "percent_covered": 90.9090909090909, "percent_covered_display": "90.91", "missing_lines": 3, "excluded_lines": 0, "num_branches": 4, "num_partial_branches": 0, "covered_branches": 4, "missing_branches": 0}, "missing_lines": [194, 195, 196], "excluded_lines": [], "executed_branches": [[164, 165], [164, 171], [178, 179], [178, 192]], "missing_branches": []}, "CacheManager._get_repositories_to_warm": {"executed_lines": [213, 214], "summary": {"covered_lines": 2, "num_statements": 4, "percent_covered": 50.0, "percent_covered_display": "50.00", "missing_lines": 2, "excluded_lines": 0, "num_branches": 2, "num_partial_branches": 1, "covered_branches": 1, "missing_branches": 1}, "missing_lines": [217, 221], "excluded_lines": [], "executed_branches": [[213, 214]], "missing_branches": [[213, 217]]}, "CacheManager._warm_repository_batch": {"executed_lines": [239, 249, 250, 251, 252, 255, 258, 259, 263, 264, 265, 266, 267, 268, 269, 270, 271, 272, 274], "summary": {"covered_lines": 19, "num_statements": 20, "percent_covered": 91.17647058823529, "percent_covered_display": "91.18", "missing_lines": 1, "excluded_lines": 0, "num_branches": 14, "num_partial_branches": 2, "covered_branches": 12, "missing_branches": 2}, "missing_lines": [260], "excluded_lines": [], "executed_branches": [[250, 251], [250, 255], [258, 259], [258, 274], [259, 263], [263, 264], [263, 271], [265, 266], [267, 268], [267, 269], [269, 270], [269, 271]], "missing_branches": [[259, 260], [265, 267]]}, "CacheManager._warm_single_repository": {"executed_lines": [292, 293, 301, 303, 304, 305, 306, 308, 311, 312, 314, 315, 317, 318, 319, 324, 325, 326, 327, 329, 330, 331, 336, 337, 340, 347], "summary": {"covered_lines": 26, "num_statements": 34, "percent_covered": 76.08695652173913, "percent_covered_display": "76.09", "missing_lines": 8, "excluded_lines": 0, "num_branches": 12, "num_partial_branches": 3, "covered_branches": 9, "missing_branches": 3}, "missing_lines": [320, 321, 332, 333, 341, 342, 344, 345], "excluded_lines": [], "executed_branches": [[304, 305], [304, 308], [311, 312], [315, 317], [324, 325], [324, 336], [327, 329], [336, 337], [336, 347]], "missing_branches": [[311, 324], [315, 324], [327, 336]]}, "CacheManager.cleanup_cache": {"executed_lines": [361, 363, 364, 366, 377, 379, 380, 383, 384, 385, 386, 387, 392, 393, 394, 395, 396, 401, 402, 404, 412, 413, 414, 415, 416, 421, 422, 424, 430, 431, 433, 434], "summary": {"covered_lines": 32, "num_statements": 46, "percent_covered": 70.37037037037037, "percent_covered_display": "70.37", "missing_lines": 14, "excluded_lines": 0, "num_branches": 8, "num_partial_branches": 2, "covered_branches": 6, "missing_branches": 2}, "missing_lines": [388, 389, 397, 398, 405, 406, 407, 408, 409, 417, 418, 426, 427, 428], "excluded_lines": [], "executed_branches": [[383, 384], [392, 393], [392, 401], [404, 412], [412, 413], [412, 421]], "missing_branches": [[383, 392], [404, 405]]}, "CacheManager._remove_old_entries": {"executed_lines": [445, 452], "summary": {"covered_lines": 2, "num_statements": 2, "percent_covered": 100.0, "percent_covered_display": "100.00", "missing_lines": 0, "excluded_lines": 0, "num_branches": 0, "num_partial_branches": 0, "covered_branches": 0, "missing_branches": 0}, "missing_lines": [], "excluded_lines": [], "executed_branches": [], "missing_branches": []}, "CacheManager._reduce_cache_size": {"executed_lines": [], "summary": {"covered_lines": 0, "num_statements": 1, "percent_covered": 0.0, "percent_covered_display": "0.00", "missing_lines": 1, "excluded_lines": 0, "num_branches": 0, "num_partial_branches": 0, "covered_branches": 0, "missing_branches": 0}, "missing_lines": [467], "excluded_lines": [], "executed_branches": [], "missing_branches": []}, "CacheManager.get_monitoring_metrics": {"executed_lines": [475, 477, 479, 482, 485, 487, 498, 500, 501, 502], "summary": {"covered_lines": 10, "num_statements": 10, "percent_covered": 100.0, "percent_covered_display": "100.00", "missing_lines": 0, "excluded_lines": 0, "num_branches": 0, "num_partial_branches": 0, "covered_branches": 0, "missing_branches": 0}, "missing_lines": [], "excluded_lines": [], "executed_branches": [], "missing_branches": []}, "CacheManager._calculate_health_status": {"executed_lines": [517, 519, 522, 523, 526, 527, 528, 531, 532, 533, 536], "summary": {"covered_lines": 11, "num_statements": 14, "percent_covered": 77.77777777777777, "percent_covered_display": "77.78", "missing_lines": 3, "excluded_lines": 0, "num_branches": 4, "num_partial_branches": 1, "covered_branches": 3, "missing_branches": 1}, "missing_lines": [534, 538, 539], "excluded_lines": [], "executed_branches": [[531, 532], [531, 533], [533, 536]], "missing_branches": [[533, 534]]}, "CacheManager._calculate_performance_metrics": {"executed_lines": [550, 552, 554, 557, 558, 559, 562, 563, 564, 567, 568, 573], "summary": {"covered_lines": 12, "num_statements": 14, "percent_covered": 85.71428571428571, "percent_covered_display": "85.71", "missing_lines": 2, "excluded_lines": 0, "num_branches": 0, "num_partial_branches": 0, "covered_branches": 0, "missing_branches": 0}, "missing_lines": [570, 571], "excluded_lines": [], "executed_branches": [], "missing_branches": []}, "CacheManager.schedule_maintenance": {"executed_lines": [591, 593, 594, 602, 604, 605, 606, 609, 610, 611, 612, 614, 615, 621, 622, 624, 625], "summary": {"covered_lines": 17, "num_statements": 20, "percent_covered": 86.36363636363636, "percent_covered_display": "86.36", "missing_lines": 3, "excluded_lines": 0, "num_branches": 2, "num_partial_branches": 0, "covered_branches": 2, "missing_branches": 0}, "missing_lines": [617, 618, 619], "excluded_lines": [], "executed_branches": [[609, 610], [609, 614]], "missing_branches": []}, "CacheManager.__aenter__": {"executed_lines": [629, 630], "summary": {"covered_lines": 2, "num_statements": 2, "percent_covered": 100.0, "percent_covered_display": "100.00", "missing_lines": 0, "excluded_lines": 0, "num_branches": 0, "num_partial_branches": 0, "covered_branches": 0, "missing_branches": 0}, "missing_lines": [], "excluded_lines": [], "executed_branches": [], "missing_branches": []}, "CacheManager.__aexit__": {"executed_lines": [634], "summary": {"covered_lines": 1, "num_statements": 1, "percent_covered": 100.0, "percent_covered_display": "100.00", "missing_lines": 0, "excluded_lines": 0, "num_branches": 0, "num_partial_branches": 0, "covered_branches": 0, "missing_branches": 0}, "missing_lines": [], "excluded_lines": [], "executed_branches": [], "missing_branches": []}, "": {"executed_lines": [1, 3, 4, 5, 6, 8, 9, 10, 12, 15, 16, 18, 45, 46, 48, 75, 76, 78, 89, 90, 92, 112, 123, 130, 135, 204, 223, 276, 349, 436, 454, 469, 508, 541, 575, 627, 632], "summary": {"covered_lines": 32, "num_statements": 32, "percent_covered": 100.0, "percent_covered_display": "100.00", "missing_lines": 0, "excluded_lines": 0, "num_branches": 0, "num_partial_branches": 0, "covered_branches": 0, "missing_branches": 0}, "missing_lines": [], "excluded_lines": [], "executed_branches": [], "missing_branches": []}}, "classes": {"CacheWarmingConfig": {"executed_lines": [37, 38, 39, 40, 41, 42], "summary": {"covered_lines": 6, "num_statements": 6, "percent_covered": 100.0, "percent_covered_display": "100.00", "missing_lines": 0, "excluded_lines": 0, "num_branches": 0, "num_partial_branches": 0, "covered_branches": 0, "missing_branches": 0}, "missing_lines": [], "excluded_lines": [], "executed_branches": [], "missing_branches": []}, "CacheCleanupConfig": {"executed_lines": [67, 68, 69, 70, 71, 72], "summary": {"covered_lines": 6, "num_statements": 6, "percent_covered": 100.0, "percent_covered_display": "100.00", "missing_lines": 0, "excluded_lines": 0, "num_branches": 0, "num_partial_branches": 0, "covered_branches": 0, "missing_branches": 0}, "missing_lines": [], "excluded_lines": [], "executed_branches": [], "missing_branches": []}, "CacheMonitoringMetrics": {"executed_lines": [80, 81, 82, 83, 84, 85, 86], "summary": {"covered_lines": 7, "num_statements": 7, "percent_covered": 100.0, "percent_covered_display": "100.00", "missing_lines": 0, "excluded_lines": 0, "num_branches": 0, "num_partial_branches": 0, "covered_branches": 0, "missing_branches": 0}, "missing_lines": [], "excluded_lines": [], "executed_branches": [], "missing_branches": []}, "CacheManager": {"executed_lines": [105, 106, 107, 108, 109, 110, 114, 115, 116, 117, 119, 120, 121, 125, 126, 127, 128, 132, 133, 149, 151, 152, 154, 164, 165, 166, 167, 168, 171, 173, 175, 178, 179, 180, 185, 186, 187, 188, 189, 190, 192, 198, 199, 201, 202, 213, 214, 239, 249, 250, 251, 252, 255, 258, 259, 263, 264, 265, 266, 267, 268, 269, 270, 271, 272, 274, 292, 293, 301, 303, 304, 305, 306, 308, 311, 312, 314, 315, 317, 318, 319, 324, 325, 326, 327, 329, 330, 331, 336, 337, 340, 347, 361, 363, 364, 366, 377, 379, 380, 383, 384, 385, 386, 387, 392, 393, 394, 395, 396, 401, 402, 404, 412, 413, 414, 415, 416, 421, 422, 424, 430, 431, 433, 434, 445, 452, 475, 477, 479, 482, 485, 487, 498, 500, 501, 502, 517, 519, 522, 523, 526, 527, 528, 531, 532, 533, 536, 550, 552, 554, 557, 558, 559, 562, 563, 564, 567, 568, 573, 591, 593, 594, 602, 604, 605, 606, 609, 610, 611, 612, 614, 615, 621, 622, 624, 625, 629, 630, 634], "summary": {"covered_lines": 179, "num_statements": 216, "percent_covered": 82.83582089552239, "percent_covered_display": "82.84", "missing_lines": 37, "excluded_lines": 0, "num_branches": 52, "num_partial_branches": 9, "covered_branches": 43, "missing_branches": 9}, "missing_lines": [194, 195, 196, 217, 221, 260, 320, 321, 332, 333, 341, 342, 344, 345, 388, 389, 397, 398, 405, 406, 407, 408, 409, 417, 418, 426, 427, 428, 467, 534, 538, 539, 570, 571, 617, 618, 619], "excluded_lines": [], "executed_branches": [[114, 115], [114, 116], [116, 117], [116, 119], [132, -130], [132, 133], [164, 165], [164, 171], [178, 179], [178, 192], [213, 214], [250, 251], [250, 255], [258, 259], [258, 274], [259, 263], [263, 264], [263, 271], [265, 266], [267, 268], [267, 269], [269, 270], [269, 271], [304, 305], [304, 308], [311, 312], [315, 317], [324, 325], [324, 336], [327, 329], [336, 337], [336, 347], [383, 384], [392, 393], [392, 401], [404, 412], [412, 413], [412, 421], [531, 532], [531, 533], [533, 536], [609, 610], [609, 614]], "missing_branches": [[213, 217], [259, 260], [265, 267], [311, 324], [315, 324], [327, 336], [383, 392], [404, 405], [533, 534]]}, "": {"executed_lines": [1, 3, 4, 5, 6, 8, 9, 10, 12, 15, 16, 18, 45, 46, 48, 75, 76, 78, 89, 90, 92, 112, 123, 130, 135, 204, 223, 276, 349, 436, 454, 469, 508, 541, 575, 627, 632], "summary": {"covered_lines": 32, "num_statements": 32, "percent_covered": 100.0, "percent_covered_display": "100.00", "missing_lines": 0, "excluded_lines": 0, "num_branches": 0, "num_partial_branches": 0, "covered_branches": 0, "missing_branches": 0}, "missing_lines": [], "excluded_lines": [], "executed_branches": [], "missing_branches": []}}}, "src/forklift/storage/cache_validation.py": {"executed_lines": [1, 3, 4, 6, 8, 10, 13, 14, 15, 18, 19, 21, 22, 40, 41, 42, 43, 44, 46, 47, 56, 60, 61, 62, 63, 65, 66, 70, 71, 84, 86, 87, 91, 93, 96, 106, 107, 110, 123, 125, 128, 131, 133, 134], "summary": {"covered_lines": 41, "num_statements": 41, "percent_covered": 100.0, "percent_covered_display": "100.00", "missing_lines": 0, "excluded_lines": 0, "num_branches": 8, "num_partial_branches": 0, "covered_branches": 8, "missing_branches": 0}, "missing_lines": [], "excluded_lines": [], "executed_branches": [[61, 62], [61, 65], [62, 61], [62, 63], [65, -46], [65, 66], [86, 87], [86, 93]], "missing_branches": [], "functions": {"CacheValidator.validate_cached_data": {"executed_lines": [40, 41, 42, 43, 44], "summary": {"covered_lines": 5, "num_statements": 5, "percent_covered": 100.0, "percent_covered_display": "100.00", "missing_lines": 0, "excluded_lines": 0, "num_branches": 0, "num_partial_branches": 0, "covered_branches": 0, "missing_branches": 0}, "missing_lines": [], "excluded_lines": [], "executed_branches": [], "missing_branches": []}, "CacheValidator.validate_repository_reconstruction": {"executed_lines": [56, 60, 61, 62, 63, 65, 66], "summary": {"covered_lines": 7, "num_statements": 7, "percent_covered": 100.0, "percent_covered_display": "100.00", "missing_lines": 0, "excluded_lines": 0, "num_branches": 6, "num_partial_branches": 0, "covered_branches": 6, "missing_branches": 0}, "missing_lines": [], "excluded_lines": [], "executed_branches": [[61, 62], [61, 65], [62, 61], [62, 63], [65, -46], [65, 66]], "missing_branches": []}, "CacheValidator.ensure_cache_compatibility": {"executed_lines": [84, 86, 87, 91, 93], "summary": {"covered_lines": 5, "num_statements": 5, "percent_covered": 100.0, "percent_covered_display": "100.00", "missing_lines": 0, "excluded_lines": 0, "num_branches": 2, "num_partial_branches": 0, "covered_branches": 2, "missing_branches": 0}, "missing_lines": [], "excluded_lines": [], "executed_branches": [[86, 87], [86, 93]], "missing_branches": []}, "add_schema_version": {"executed_lines": [106, 107], "summary": {"covered_lines": 2, "num_statements": 2, "percent_covered": 100.0, "percent_covered_display": "100.00", "missing_lines": 0, "excluded_lines": 0, "num_branches": 0, "num_partial_branches": 0, "covered_branches": 0, "missing_branches": 0}, "missing_lines": [], "excluded_lines": [], "executed_branches": [], "missing_branches": []}, "validate_before_cache": {"executed_lines": [123, 125, 128, 131, 133, 134], "summary": {"covered_lines": 6, "num_statements": 6, "percent_covered": 100.0, "percent_covered_display": "100.00", "missing_lines": 0, "excluded_lines": 0, "num_branches": 0, "num_partial_branches": 0, "covered_branches": 0, "missing_branches": 0}, "missing_lines": [], "excluded_lines": [], "executed_branches": [], "missing_branches": []}, "": {"executed_lines": [1, 3, 4, 6, 8, 10, 13, 14, 15, 18, 19, 21, 22, 46, 47, 70, 71, 96, 110], "summary": {"covered_lines": 16, "num_statements": 16, "percent_covered": 100.0, "percent_covered_display": "100.00", "missing_lines": 0, "excluded_lines": 0, "num_branches": 0, "num_partial_branches": 0, "covered_branches": 0, "missing_branches": 0}, "missing_lines": [], "excluded_lines": [], "executed_branches": [], "missing_branches": []}}, "classes": {"CacheValidationError": {"executed_lines": [], "summary": {"covered_lines": 0, "num_statements": 0, "percent_covered": 100.0, "percent_covered_display": "100.00", "missing_lines": 0, "excluded_lines": 0, "num_branches": 0, "num_partial_branches": 0, "covered_branches": 0, "missing_branches": 0}, "missing_lines": [], "excluded_lines": [], "executed_branches": [], "missing_branches": []}, "CacheValidator": {"executed_lines": [40, 41, 42, 43, 44, 56, 60, 61, 62, 63, 65, 66, 84, 86, 87, 91, 93], "summary": {"covered_lines": 17, "num_statements": 17, "percent_covered": 100.0, "percent_covered_display": "100.00", "missing_lines": 0, "excluded_lines": 0, "num_branches": 8, "num_partial_branches": 0, "covered_branches": 8, "missing_branches": 0}, "missing_lines": [], "excluded_lines": [], "executed_branches": [[61, 62], [61, 65], [62, 61], [62, 63], [65, -46], [65, 66], [86, 87], [86, 93]], "missing_branches": []}, "": {"executed_lines": [1, 3, 4, 6, 8, 10, 13, 14, 15, 18, 19, 21, 22, 46, 47, 70, 71, 96, 106, 107, 110, 123, 125, 128, 131, 133, 134], "summary": {"covered_lines": 24, "num_statements": 24, "percent_covered": 100.0, "percent_covered_display": "100.00", "missing_lines": 0, "excluded_lines": 0, "num_branches": 0, "num_partial_branches": 0, "covered_branches": 0, "missing_branches": 0}, "missing_lines": [], "excluded_lines": [], "executed_branches": [], "missing_branches": []}}}}, "totals": {"covered_lines": 11393, "num_statements": 13058, "percent_covered": 85.30334728033473, "percent_covered_display": "85.30", "missing_lines": 1665, "excluded_lines": 78, "num_branches": 4150, "num_partial_branches": 486, "covered_branches": 3286, "missing_branches": 864}}